

Time :2016-12-3 9:35:20
Title:执行过程：ServerSocketClass.StartListen(启动监听)

Time :2016-12-3 9:35:20
Title:执行过程：ClientSocketClass.StartConnect(启动连接)：

Time :2016-12-3 9:37:10
Title:执行过程：ServerSocketClass.StartListen(启动监听)

Time :2016-12-3 9:37:10
Title:执行过程：ClientSocketClass.StartConnect(启动连接)：

Time :2016-12-3 9:38:49
Title:执行过程：ServerSocketClass.StartListen(启动监听)

Time :2016-12-3 9:38:49
Title:执行过程：ClientSocketClass.StartConnect(启动连接)：

Time :2016-12-3 11:05:39
Title:执行过程：ServerSocketClass.StartListen(启动监听)

Time :2016-12-3 11:05:39
Title:执行过程：ClientSocketClass.StartConnect(启动连接)：

Time :2016-12-3 11:05:57
Title:查询异常：SQLServerControlClass.ExecParamSelect 1 
数据库：DB_ELECTRONGAMECONFIG
SQL语句：update  T_EGC__SGP set _nSeatStatus=@_nSeatStatus,_vRecordUsers=@_vRecordUsers where _iNumber=@_iNumber
必须声明标量变量 "@_nSeatStatus"。
   在 System.Data.SqlClient.SqlConnection.OnError(SqlException exception, Boolean breakConnection, Action`1 wrapCloseInAction)
   在 System.Data.SqlClient.SqlInternalConnection.OnError(SqlException exception, Boolean breakConnection, Action`1 wrapCloseInAction)
   在 System.Data.SqlClient.TdsParser.ThrowExceptionAndWarning(TdsParserStateObject stateObj, Boolean callerHasConnectionLock, Boolean asyncClose)
   在 System.Data.SqlClient.TdsParser.TryRun(RunBehavior runBehavior, SqlCommand cmdHandler, SqlDataReader dataStream, BulkCopySimpleResultSet bulkCopyHandler, TdsParserStateObject stateObj, Boolean& dataReady)
   在 System.Data.SqlClient.SqlCommand.FinishExecuteReader(SqlDataReader ds, RunBehavior runBehavior, String resetOptionsString, Boolean isInternal, Boolean forDescribeParameterEncryption)
   在 System.Data.SqlClient.SqlCommand.RunExecuteReaderTds(CommandBehavior cmdBehavior, RunBehavior runBehavior, Boolean returnStream, Boolean async, Int32 timeout, Task& task, Boolean asyncWrite, Boolean inRetry, SqlDataReader ds, Boolean describeParameterEncryptionRequest)
   在 System.Data.SqlClient.SqlCommand.RunExecuteReader(CommandBehavior cmdBehavior, RunBehavior runBehavior, Boolean returnStream, String method, TaskCompletionSource`1 completion, Int32 timeout, Task& task, Boolean& usedCache, Boolean asyncWrite, Boolean inRetry)
   在 System.Data.SqlClient.SqlCommand.InternalExecuteNonQuery(TaskCompletionSource`1 completion, String methodName, Boolean sendToPipe, Int32 timeout, Boolean& usedCache, Boolean asyncWrite, Boolean inRetry)
   在 System.Data.SqlClient.SqlCommand.ExecuteNonQuery()
   在 ToolModule.SQLServerControlClass.ExecParamSQL(Int32 _ModeNum, String _SQLstr, SqlParameter[]& _SQLParams) 位置 E:\工作\转接器和工具类库\ToolModule\通用数据库控制\SQLServerControlClass.vb:行号 86

Time :2016-12-3 11:06:08
Title:查询异常：SQLServerControlClass.ExecParamSelect 1 
数据库：DB_ELECTRONGAMECONFIG
SQL语句：update  T_EGC__SGP set _nSeatStatus=@_nSeatStatus,_vRecordUsers=@_vRecordUsers where _iNumber=@_iNumber
必须声明标量变量 "@_nSeatStatus"。
   在 System.Data.SqlClient.SqlConnection.OnError(SqlException exception, Boolean breakConnection, Action`1 wrapCloseInAction)
   在 System.Data.SqlClient.SqlInternalConnection.OnError(SqlException exception, Boolean breakConnection, Action`1 wrapCloseInAction)
   在 System.Data.SqlClient.TdsParser.ThrowExceptionAndWarning(TdsParserStateObject stateObj, Boolean callerHasConnectionLock, Boolean asyncClose)
   在 System.Data.SqlClient.TdsParser.TryRun(RunBehavior runBehavior, SqlCommand cmdHandler, SqlDataReader dataStream, BulkCopySimpleResultSet bulkCopyHandler, TdsParserStateObject stateObj, Boolean& dataReady)
   在 System.Data.SqlClient.SqlCommand.FinishExecuteReader(SqlDataReader ds, RunBehavior runBehavior, String resetOptionsString, Boolean isInternal, Boolean forDescribeParameterEncryption)
   在 System.Data.SqlClient.SqlCommand.RunExecuteReaderTds(CommandBehavior cmdBehavior, RunBehavior runBehavior, Boolean returnStream, Boolean async, Int32 timeout, Task& task, Boolean asyncWrite, Boolean inRetry, SqlDataReader ds, Boolean describeParameterEncryptionRequest)
   在 System.Data.SqlClient.SqlCommand.RunExecuteReader(CommandBehavior cmdBehavior, RunBehavior runBehavior, Boolean returnStream, String method, TaskCompletionSource`1 completion, Int32 timeout, Task& task, Boolean& usedCache, Boolean asyncWrite, Boolean inRetry)
   在 System.Data.SqlClient.SqlCommand.InternalExecuteNonQuery(TaskCompletionSource`1 completion, String methodName, Boolean sendToPipe, Int32 timeout, Boolean& usedCache, Boolean asyncWrite, Boolean inRetry)
   在 System.Data.SqlClient.SqlCommand.ExecuteNonQuery()
   在 ToolModule.SQLServerControlClass.ExecParamSQL(Int32 _ModeNum, String _SQLstr, SqlParameter[]& _SQLParams) 位置 E:\工作\转接器和工具类库\ToolModule\通用数据库控制\SQLServerControlClass.vb:行号 86

Time :2016-12-3 11:06:08
Title:异常过程：ServerSocketClass.ReceiveData （循环处理接收的数据时）
未将对象引用设置到对象的实例。
   在 GameServer.LogicModule.UesrReceiveEvent(String _Tab, String _Data, UserClass& _User) 位置 C:\Users\Administrator\Desktop\GameServer\2.待开发代码区\LogicModule.vb:行号 880
   在 GameServer.ToListenClientClass.UesrReceiveAppEvent(String _Msgstr, ServerUserClass _SocketUser) 位置 C:\Users\Administrator\Desktop\GameServer\1.通用代码区（无需修改）\ToListenClientClass.vb:行号 67
   在 ToolModule.ServerSocketClass.ReceiveData(IAsyncResult _AsyncResult) 位置 E:\工作\转接器和工具类库\ToolModule\通用Socket\ServerSocketClass.vb:行号 288

Time :2016-12-3 11:06:25
Title:查询异常：SQLServerControlClass.ExecParamSelect 1 
数据库：DB_ELECTRONGAMECONFIG
SQL语句：update  T_EGC__SGP set _nSeatStatus=@_nSeatStatus,_vRecordUsers=@_vRecordUsers where _iNumber=@_iNumber
必须声明标量变量 "@_nSeatStatus"。
   在 System.Data.SqlClient.SqlConnection.OnError(SqlException exception, Boolean breakConnection, Action`1 wrapCloseInAction)
   在 System.Data.SqlClient.SqlInternalConnection.OnError(SqlException exception, Boolean breakConnection, Action`1 wrapCloseInAction)
   在 System.Data.SqlClient.TdsParser.ThrowExceptionAndWarning(TdsParserStateObject stateObj, Boolean callerHasConnectionLock, Boolean asyncClose)
   在 System.Data.SqlClient.TdsParser.TryRun(RunBehavior runBehavior, SqlCommand cmdHandler, SqlDataReader dataStream, BulkCopySimpleResultSet bulkCopyHandler, TdsParserStateObject stateObj, Boolean& dataReady)
   在 System.Data.SqlClient.SqlCommand.FinishExecuteReader(SqlDataReader ds, RunBehavior runBehavior, String resetOptionsString, Boolean isInternal, Boolean forDescribeParameterEncryption)
   在 System.Data.SqlClient.SqlCommand.RunExecuteReaderTds(CommandBehavior cmdBehavior, RunBehavior runBehavior, Boolean returnStream, Boolean async, Int32 timeout, Task& task, Boolean asyncWrite, Boolean inRetry, SqlDataReader ds, Boolean describeParameterEncryptionRequest)
   在 System.Data.SqlClient.SqlCommand.RunExecuteReader(CommandBehavior cmdBehavior, RunBehavior runBehavior, Boolean returnStream, String method, TaskCompletionSource`1 completion, Int32 timeout, Task& task, Boolean& usedCache, Boolean asyncWrite, Boolean inRetry)
   在 System.Data.SqlClient.SqlCommand.InternalExecuteNonQuery(TaskCompletionSource`1 completion, String methodName, Boolean sendToPipe, Int32 timeout, Boolean& usedCache, Boolean asyncWrite, Boolean inRetry)
   在 System.Data.SqlClient.SqlCommand.ExecuteNonQuery()
   在 ToolModule.SQLServerControlClass.ExecParamSQL(Int32 _ModeNum, String _SQLstr, SqlParameter[]& _SQLParams) 位置 E:\工作\转接器和工具类库\ToolModule\通用数据库控制\SQLServerControlClass.vb:行号 86

Time :2016-12-3 11:06:25
Title:异常过程：ServerSocketClass.ReceiveData （循环处理接收的数据时）
未将对象引用设置到对象的实例。
   在 GameServer.LogicModule.UesrReceiveEvent(String _Tab, String _Data, UserClass& _User) 位置 C:\Users\Administrator\Desktop\GameServer\2.待开发代码区\LogicModule.vb:行号 880
   在 GameServer.ToListenClientClass.UesrReceiveAppEvent(String _Msgstr, ServerUserClass _SocketUser) 位置 C:\Users\Administrator\Desktop\GameServer\1.通用代码区（无需修改）\ToListenClientClass.vb:行号 67
   在 ToolModule.ServerSocketClass.ReceiveData(IAsyncResult _AsyncResult) 位置 E:\工作\转接器和工具类库\ToolModule\通用Socket\ServerSocketClass.vb:行号 288

Time :2016-12-3 11:06:26
Title:异常过程：ServerSocketClass.ReceiveData （循环处理接收的数据时）
索引超出了数组界限。
   在 GameServer.ToListenClientClass.UesrReceiveAppEvent(String _Msgstr, ServerUserClass _SocketUser) 位置 C:\Users\Administrator\Desktop\GameServer\1.通用代码区（无需修改）\ToListenClientClass.vb:行号 41
   在 ToolModule.ServerSocketClass.ReceiveData(IAsyncResult _AsyncResult) 位置 E:\工作\转接器和工具类库\ToolModule\通用Socket\ServerSocketClass.vb:行号 288

Time :2016-12-3 11:08:42
Title:查询异常：SQLServerControlClass.ExecParamSelect 1 
数据库：DB_ELECTRONGAMECONFIG
SQL语句：update  T_EGC__SGP set _nSeatStatus=@_nSeatStatus,_vRecordUsers=@_vRecordUsers where _iNumber=@_iNumber
必须声明标量变量 "@_nSeatStatus"。
   在 System.Data.SqlClient.SqlConnection.OnError(SqlException exception, Boolean breakConnection, Action`1 wrapCloseInAction)
   在 System.Data.SqlClient.SqlInternalConnection.OnError(SqlException exception, Boolean breakConnection, Action`1 wrapCloseInAction)
   在 System.Data.SqlClient.TdsParser.ThrowExceptionAndWarning(TdsParserStateObject stateObj, Boolean callerHasConnectionLock, Boolean asyncClose)
   在 System.Data.SqlClient.TdsParser.TryRun(RunBehavior runBehavior, SqlCommand cmdHandler, SqlDataReader dataStream, BulkCopySimpleResultSet bulkCopyHandler, TdsParserStateObject stateObj, Boolean& dataReady)
   在 System.Data.SqlClient.SqlCommand.FinishExecuteReader(SqlDataReader ds, RunBehavior runBehavior, String resetOptionsString, Boolean isInternal, Boolean forDescribeParameterEncryption)
   在 System.Data.SqlClient.SqlCommand.RunExecuteReaderTds(CommandBehavior cmdBehavior, RunBehavior runBehavior, Boolean returnStream, Boolean async, Int32 timeout, Task& task, Boolean asyncWrite, Boolean inRetry, SqlDataReader ds, Boolean describeParameterEncryptionRequest)
   在 System.Data.SqlClient.SqlCommand.RunExecuteReader(CommandBehavior cmdBehavior, RunBehavior runBehavior, Boolean returnStream, String method, TaskCompletionSource`1 completion, Int32 timeout, Task& task, Boolean& usedCache, Boolean asyncWrite, Boolean inRetry)
   在 System.Data.SqlClient.SqlCommand.InternalExecuteNonQuery(TaskCompletionSource`1 completion, String methodName, Boolean sendToPipe, Int32 timeout, Boolean& usedCache, Boolean asyncWrite, Boolean inRetry)
   在 System.Data.SqlClient.SqlCommand.ExecuteNonQuery()
   在 ToolModule.SQLServerControlClass.ExecParamSQL(Int32 _ModeNum, String _SQLstr, SqlParameter[]& _SQLParams) 位置 E:\工作\转接器和工具类库\ToolModule\通用数据库控制\SQLServerControlClass.vb:行号 86

Time :2016-12-3 11:12:07
Title:执行过程：ServerSocketClass.StartListen(启动监听)

Time :2016-12-3 11:12:07
Title:执行过程：ClientSocketClass.StartConnect(启动连接)：

Time :2016-12-3 11:12:22
Title:查询异常：SQLServerControlClass.ExecParamSelect 1 
数据库：DB_ELECTRONGAMECONFIG
SQL语句：update  T_EGC__SGP set _nSeatStatus=@_nSeatStatus,_vRecordUsers=@_vRecordUsers where _iNumber=@_iNumber
必须声明标量变量 "@_nSeatStatus"。
   在 System.Data.SqlClient.SqlConnection.OnError(SqlException exception, Boolean breakConnection, Action`1 wrapCloseInAction)
   在 System.Data.SqlClient.SqlInternalConnection.OnError(SqlException exception, Boolean breakConnection, Action`1 wrapCloseInAction)
   在 System.Data.SqlClient.TdsParser.ThrowExceptionAndWarning(TdsParserStateObject stateObj, Boolean callerHasConnectionLock, Boolean asyncClose)
   在 System.Data.SqlClient.TdsParser.TryRun(RunBehavior runBehavior, SqlCommand cmdHandler, SqlDataReader dataStream, BulkCopySimpleResultSet bulkCopyHandler, TdsParserStateObject stateObj, Boolean& dataReady)
   在 System.Data.SqlClient.SqlCommand.FinishExecuteReader(SqlDataReader ds, RunBehavior runBehavior, String resetOptionsString, Boolean isInternal, Boolean forDescribeParameterEncryption)
   在 System.Data.SqlClient.SqlCommand.RunExecuteReaderTds(CommandBehavior cmdBehavior, RunBehavior runBehavior, Boolean returnStream, Boolean async, Int32 timeout, Task& task, Boolean asyncWrite, Boolean inRetry, SqlDataReader ds, Boolean describeParameterEncryptionRequest)
   在 System.Data.SqlClient.SqlCommand.RunExecuteReader(CommandBehavior cmdBehavior, RunBehavior runBehavior, Boolean returnStream, String method, TaskCompletionSource`1 completion, Int32 timeout, Task& task, Boolean& usedCache, Boolean asyncWrite, Boolean inRetry)
   在 System.Data.SqlClient.SqlCommand.InternalExecuteNonQuery(TaskCompletionSource`1 completion, String methodName, Boolean sendToPipe, Int32 timeout, Boolean& usedCache, Boolean asyncWrite, Boolean inRetry)
   在 System.Data.SqlClient.SqlCommand.ExecuteNonQuery()
   在 ToolModule.SQLServerControlClass.ExecParamSQL(Int32 _ModeNum, String _SQLstr, SqlParameter[]& _SQLParams) 位置 E:\工作\转接器和工具类库\ToolModule\通用数据库控制\SQLServerControlClass.vb:行号 86

Time :2016-12-3 11:12:22
Title:异常过程：ServerSocketClass.ReceiveData （循环处理接收的数据时）
未将对象引用设置到对象的实例。
   在 GameServer.LogicModule.UesrReceiveEvent(String _Tab, String _Data, UserClass& _User) 位置 C:\Users\Administrator\Desktop\GameServer\2.待开发代码区\LogicModule.vb:行号 880
   在 GameServer.ToListenClientClass.UesrReceiveAppEvent(String _Msgstr, ServerUserClass _SocketUser) 位置 C:\Users\Administrator\Desktop\GameServer\1.通用代码区（无需修改）\ToListenClientClass.vb:行号 67
   在 ToolModule.ServerSocketClass.ReceiveData(IAsyncResult _AsyncResult) 位置 E:\工作\转接器和工具类库\ToolModule\通用Socket\ServerSocketClass.vb:行号 288

Time :2016-12-3 11:12:58
Title:执行过程：ServerSocketClass.StartListen(启动监听)

Time :2016-12-3 11:12:58
Title:执行过程：ClientSocketClass.StartConnect(启动连接)：

Time :2016-12-3 11:13:07
Title:查询异常：SQLServerControlClass.ExecParamSelect 1 
数据库：DB_ELECTRONGAMECONFIG
SQL语句：update  T_EGC__SGP set _nSeatStatus=@_nSeatStatus,_vRecordUsers=@_vRecordUsers where _iNumber=@_iNumber
必须声明标量变量 "@_nSeatStatus"。
   在 System.Data.SqlClient.SqlConnection.OnError(SqlException exception, Boolean breakConnection, Action`1 wrapCloseInAction)
   在 System.Data.SqlClient.SqlInternalConnection.OnError(SqlException exception, Boolean breakConnection, Action`1 wrapCloseInAction)
   在 System.Data.SqlClient.TdsParser.ThrowExceptionAndWarning(TdsParserStateObject stateObj, Boolean callerHasConnectionLock, Boolean asyncClose)
   在 System.Data.SqlClient.TdsParser.TryRun(RunBehavior runBehavior, SqlCommand cmdHandler, SqlDataReader dataStream, BulkCopySimpleResultSet bulkCopyHandler, TdsParserStateObject stateObj, Boolean& dataReady)
   在 System.Data.SqlClient.SqlCommand.FinishExecuteReader(SqlDataReader ds, RunBehavior runBehavior, String resetOptionsString, Boolean isInternal, Boolean forDescribeParameterEncryption)
   在 System.Data.SqlClient.SqlCommand.RunExecuteReaderTds(CommandBehavior cmdBehavior, RunBehavior runBehavior, Boolean returnStream, Boolean async, Int32 timeout, Task& task, Boolean asyncWrite, Boolean inRetry, SqlDataReader ds, Boolean describeParameterEncryptionRequest)
   在 System.Data.SqlClient.SqlCommand.RunExecuteReader(CommandBehavior cmdBehavior, RunBehavior runBehavior, Boolean returnStream, String method, TaskCompletionSource`1 completion, Int32 timeout, Task& task, Boolean& usedCache, Boolean asyncWrite, Boolean inRetry)
   在 System.Data.SqlClient.SqlCommand.InternalExecuteNonQuery(TaskCompletionSource`1 completion, String methodName, Boolean sendToPipe, Int32 timeout, Boolean& usedCache, Boolean asyncWrite, Boolean inRetry)
   在 System.Data.SqlClient.SqlCommand.ExecuteNonQuery()
   在 ToolModule.SQLServerControlClass.ExecParamSQL(Int32 _ModeNum, String _SQLstr, SqlParameter[]& _SQLParams) 位置 E:\工作\转接器和工具类库\ToolModule\通用数据库控制\SQLServerControlClass.vb:行号 86

Time :2016-12-3 11:13:07
Title:异常过程：ServerSocketClass.ReceiveData （循环处理接收的数据时）
未将对象引用设置到对象的实例。
   在 GameServer.LogicModule.UesrReceiveEvent(String _Tab, String _Data, UserClass& _User) 位置 C:\Users\Administrator\Desktop\GameServer\2.待开发代码区\LogicModule.vb:行号 880
   在 GameServer.ToListenClientClass.UesrReceiveAppEvent(String _Msgstr, ServerUserClass _SocketUser) 位置 C:\Users\Administrator\Desktop\GameServer\1.通用代码区（无需修改）\ToListenClientClass.vb:行号 67
   在 ToolModule.ServerSocketClass.ReceiveData(IAsyncResult _AsyncResult) 位置 E:\工作\转接器和工具类库\ToolModule\通用Socket\ServerSocketClass.vb:行号 288