

Time :2016-12-1 15:44:12
Title:执行过程：ServerSocketClass.StartListen(启动监听)

Time :2016-12-1 15:44:12
Title:执行过程：ClientSocketClass.StartConnect(启动连接)：

Time :2016-12-1 15:45:41
Title:执行过程：ServerSocketClass.StartListen(启动监听)

Time :2016-12-1 15:45:41
Title:执行过程：ClientSocketClass.StartConnect(启动连接)：

Time :2016-12-1 15:46:36
Title:执行过程：ServerSocketClass.StartListen(启动监听)

Time :2016-12-1 15:46:36
Title:执行过程：ClientSocketClass.StartConnect(启动连接)：

Time :2016-12-1 16:14:24
Title:执行过程：ServerSocketClass.StartListen(启动监听)

Time :2016-12-1 16:14:24
Title:执行过程：ClientSocketClass.StartConnect(启动连接)：

Time :2016-12-1 16:15:05
Title:执行过程：ServerSocketClass.StartListen(启动监听)

Time :2016-12-1 16:15:05
Title:执行过程：ClientSocketClass.StartConnect(启动连接)：

Time :2016-12-1 16:52:11
Title:执行过程：ServerSocketClass.StartListen(启动监听)

Time :2016-12-1 16:52:11
Title:执行过程：ClientSocketClass.StartConnect(启动连接)：

Time :2016-12-1 16:52:39
Title:执行过程：ServerSocketClass.StartListen(启动监听)

Time :2016-12-1 16:52:39
Title:执行过程：ClientSocketClass.StartConnect(启动连接)：

Time :2016-12-1 17:06:19
Title:执行过程：ServerSocketClass.StartListen(启动监听)

Time :2016-12-1 17:06:19
Title:执行过程：ClientSocketClass.StartConnect(启动连接)：

Time :2016-12-1 17:08:41
Title:执行过程：ServerSocketClass.StartListen(启动监听)

Time :2016-12-1 17:08:42
Title:执行过程：ClientSocketClass.StartConnect(启动连接)：

Time :2016-12-1 17:08:41
Title:异常过程：ServerSocketClass.ServerListen（循环体内）
正在中止线程。
   在 System.Threading.WaitHandle.WaitOneNative(SafeHandle waitableSafeHandle, UInt32 millisecondsTimeout, Boolean hasThreadAffinity, Boolean exitContext)
   在 System.Threading.WaitHandle.InternalWaitOne(SafeHandle waitableSafeHandle, Int64 millisecondsTimeout, Boolean hasThreadAffinity, Boolean exitContext)
   在 System.Threading.WaitHandle.WaitOne(Int32 millisecondsTimeout, Boolean exitContext)
   在 System.Threading.WaitHandle.WaitOne()
   在 ToolModule.ServerSocketClass.ServerListen() 位置 D:\00.机台手游项目\PublicModule\ToolModule\通用Socket\ServerSocketClass.vb:行号 166

Time :2016-12-1 17:08:42
Title:异常过程：ServerSocketClass.Acceptasyn
已关闭 Safe handle
   在 System.Runtime.InteropServices.SafeHandle.DangerousAddRef(Boolean& success)
   在 System.StubHelpers.StubHelpers.SafeHandleAddRef(SafeHandle pHandle, Boolean& success)
   在 Microsoft.Win32.Win32Native.SetEvent(SafeWaitHandle handle)
   在 System.Threading.EventWaitHandle.Set()
   在 ToolModule.ServerSocketClass.Acceptasyn(IAsyncResult _AsyncResult) 位置 D:\00.机台手游项目\PublicModule\ToolModule\通用Socket\ServerSocketClass.vb:行号 183

Time :2016-12-1 17:08:46
Title:异常过程：ServerSocketClass.ServerListen
正在中止线程。
   在 ToolModule.ServerSocketClass.ServerListen() 位置 D:\00.机台手游项目\PublicModule\ToolModule\通用Socket\ServerSocketClass.vb:行号 168

Time :2016-12-1 17:12:24
Title:执行过程：ServerSocketClass.StartListen(启动监听)

Time :2016-12-1 17:12:24
Title:执行过程：ClientSocketClass.StartConnect(启动连接)：

Time :2016-12-1 17:21:05
Title:执行过程：ServerSocketClass.StartListen(启动监听)

Time :2016-12-1 17:21:05
Title:执行过程：ClientSocketClass.StartConnect(启动连接)：

Time :2016-12-1 19:34:05
Title:执行过程：ServerSocketClass.StartListen(启动监听)

Time :2016-12-1 19:34:06
Title:执行过程：ClientSocketClass.StartConnect(启动连接)：

Time :2016-12-1 19:37:43
Title:异常过程：ServerSocketClass.ReceiveData （循环处理接收的数据时）
索引超出了数组界限。
   在 GameServer.ToListenClientClass.UesrReceiveAppEvent(String _Msgstr, ServerUserClass _SocketUser) 位置 C:\Users\Administrator\Desktop\GameServer\1.通用代码区（无需修改）\ToListenClientClass.vb:行号 40
   在 ToolModule.ServerSocketClass.ReceiveData(IAsyncResult _AsyncResult) 位置 D:\00.机台手游项目\PublicModule\ToolModule\通用Socket\ServerSocketClass.vb:行号 288

Time :2016-12-1 19:37:45
Title:异常过程：ServerSocketClass.ReceiveData （循环处理接收的数据时）
索引超出了数组界限。
   在 GameServer.ToListenClientClass.UesrReceiveAppEvent(String _Msgstr, ServerUserClass _SocketUser) 位置 C:\Users\Administrator\Desktop\GameServer\1.通用代码区（无需修改）\ToListenClientClass.vb:行号 40
   在 ToolModule.ServerSocketClass.ReceiveData(IAsyncResult _AsyncResult) 位置 D:\00.机台手游项目\PublicModule\ToolModule\通用Socket\ServerSocketClass.vb:行号 288

Time :2016-12-1 19:37:46
Title:异常过程：ServerSocketClass.ReceiveData （循环处理接收的数据时）
索引超出了数组界限。
   在 GameServer.ToListenClientClass.UesrReceiveAppEvent(String _Msgstr, ServerUserClass _SocketUser) 位置 C:\Users\Administrator\Desktop\GameServer\1.通用代码区（无需修改）\ToListenClientClass.vb:行号 40
   在 ToolModule.ServerSocketClass.ReceiveData(IAsyncResult _AsyncResult) 位置 D:\00.机台手游项目\PublicModule\ToolModule\通用Socket\ServerSocketClass.vb:行号 288

Time :2016-12-1 19:40:38
Title:执行过程：ServerSocketClass.StartListen(启动监听)

Time :2016-12-1 19:40:38
Title:执行过程：ClientSocketClass.StartConnect(启动连接)：

Time :2016-12-1 19:41:18
Title:查询异常：SQLServerControlClass.ExecParamSelect 1 
数据库：DB_ELECTRONGAMECONFIG
SQL语句：update  T_EGC__SGP set _nSeatStatus=@_nSeatStatus,_vRecordUsers=@_vRecordUsers where _iNumber=@_iNumber
必须声明标量变量 "@_nSeatStatus"。
   在 System.Data.SqlClient.SqlConnection.OnError(SqlException exception, Boolean breakConnection, Action`1 wrapCloseInAction)
   在 System.Data.SqlClient.SqlInternalConnection.OnError(SqlException exception, Boolean breakConnection, Action`1 wrapCloseInAction)
   在 System.Data.SqlClient.TdsParser.ThrowExceptionAndWarning(TdsParserStateObject stateObj, Boolean callerHasConnectionLock, Boolean asyncClose)
   在 System.Data.SqlClient.TdsParser.TryRun(RunBehavior runBehavior, SqlCommand cmdHandler, SqlDataReader dataStream, BulkCopySimpleResultSet bulkCopyHandler, TdsParserStateObject stateObj, Boolean& dataReady)
   在 System.Data.SqlClient.SqlCommand.FinishExecuteReader(SqlDataReader ds, RunBehavior runBehavior, String resetOptionsString, Boolean isInternal, Boolean forDescribeParameterEncryption)
   在 System.Data.SqlClient.SqlCommand.RunExecuteReaderTds(CommandBehavior cmdBehavior, RunBehavior runBehavior, Boolean returnStream, Boolean async, Int32 timeout, Task& task, Boolean asyncWrite, Boolean inRetry, SqlDataReader ds, Boolean describeParameterEncryptionRequest)
   在 System.Data.SqlClient.SqlCommand.RunExecuteReader(CommandBehavior cmdBehavior, RunBehavior runBehavior, Boolean returnStream, String method, TaskCompletionSource`1 completion, Int32 timeout, Task& task, Boolean& usedCache, Boolean asyncWrite, Boolean inRetry)
   在 System.Data.SqlClient.SqlCommand.InternalExecuteNonQuery(TaskCompletionSource`1 completion, String methodName, Boolean sendToPipe, Int32 timeout, Boolean& usedCache, Boolean asyncWrite, Boolean inRetry)
   在 System.Data.SqlClient.SqlCommand.ExecuteNonQuery()
   在 ToolModule.SQLServerControlClass.ExecParamSQL(Int32 _ModeNum, String _SQLstr, SqlParameter[]& _SQLParams) 位置 D:\00.机台手游项目\PublicModule\ToolModule\通用数据库控制\SQLServerControlClass.vb:行号 86

Time :2016-12-1 19:56:05
Title:执行过程：ServerSocketClass.StartListen(启动监听)

Time :2016-12-1 19:56:05
Title:执行过程：ClientSocketClass.StartConnect(启动连接)：

Time :2016-12-1 19:57:16
Title:查询异常：SQLServerControlClass.ExecParamSelect 1 
数据库：DB_ELECTRONGAMECONFIG
SQL语句：update  T_EGC__SGP set _nSeatStatus=@_nSeatStatus,_vRecordUsers=@_vRecordUsers where _iNumber=@_iNumber
必须声明标量变量 "@_nSeatStatus"。
   在 System.Data.SqlClient.SqlConnection.OnError(SqlException exception, Boolean breakConnection, Action`1 wrapCloseInAction)
   在 System.Data.SqlClient.SqlInternalConnection.OnError(SqlException exception, Boolean breakConnection, Action`1 wrapCloseInAction)
   在 System.Data.SqlClient.TdsParser.ThrowExceptionAndWarning(TdsParserStateObject stateObj, Boolean callerHasConnectionLock, Boolean asyncClose)
   在 System.Data.SqlClient.TdsParser.TryRun(RunBehavior runBehavior, SqlCommand cmdHandler, SqlDataReader dataStream, BulkCopySimpleResultSet bulkCopyHandler, TdsParserStateObject stateObj, Boolean& dataReady)
   在 System.Data.SqlClient.SqlCommand.FinishExecuteReader(SqlDataReader ds, RunBehavior runBehavior, String resetOptionsString, Boolean isInternal, Boolean forDescribeParameterEncryption)
   在 System.Data.SqlClient.SqlCommand.RunExecuteReaderTds(CommandBehavior cmdBehavior, RunBehavior runBehavior, Boolean returnStream, Boolean async, Int32 timeout, Task& task, Boolean asyncWrite, Boolean inRetry, SqlDataReader ds, Boolean describeParameterEncryptionRequest)
   在 System.Data.SqlClient.SqlCommand.RunExecuteReader(CommandBehavior cmdBehavior, RunBehavior runBehavior, Boolean returnStream, String method, TaskCompletionSource`1 completion, Int32 timeout, Task& task, Boolean& usedCache, Boolean asyncWrite, Boolean inRetry)
   在 System.Data.SqlClient.SqlCommand.InternalExecuteNonQuery(TaskCompletionSource`1 completion, String methodName, Boolean sendToPipe, Int32 timeout, Boolean& usedCache, Boolean asyncWrite, Boolean inRetry)
   在 System.Data.SqlClient.SqlCommand.ExecuteNonQuery()
   在 ToolModule.SQLServerControlClass.ExecParamSQL(Int32 _ModeNum, String _SQLstr, SqlParameter[]& _SQLParams) 位置 D:\00.机台手游项目\PublicModule\ToolModule\通用数据库控制\SQLServerControlClass.vb:行号 86