

Time :2016-11-29 16:46:48
Title:查询异常：SQLServerControlClass.ExecParamSelect 2 
数据库：DB_ELECTRONGAMECONFIG
SQL语句：select 1
无法打开登录所请求的数据库 "DB_ElectronGameConfig"。登录失败。
用户 'testacc' 登录失败。
   在 System.Data.ProviderBase.DbConnectionPool.TryGetConnection(DbConnection owningObject, UInt32 waitForMultipleObjectsTimeout, Boolean allowCreate, Boolean onlyOneCheckConnection, DbConnectionOptions userOptions, DbConnectionInternal& connection)
   在 System.Data.ProviderBase.DbConnectionPool.TryGetConnection(DbConnection owningObject, TaskCompletionSource`1 retry, DbConnectionOptions userOptions, DbConnectionInternal& connection)
   在 System.Data.ProviderBase.DbConnectionFactory.TryGetConnection(DbConnection owningConnection, TaskCompletionSource`1 retry, DbConnectionOptions userOptions, DbConnectionInternal oldConnection, DbConnectionInternal& connection)
   在 System.Data.ProviderBase.DbConnectionInternal.TryOpenConnectionInternal(DbConnection outerConnection, DbConnectionFactory connectionFactory, TaskCompletionSource`1 retry, DbConnectionOptions userOptions)
   在 System.Data.ProviderBase.DbConnectionClosed.TryOpenConnection(DbConnection outerConnection, DbConnectionFactory connectionFactory, TaskCompletionSource`1 retry, DbConnectionOptions userOptions)
   在 System.Data.SqlClient.SqlConnection.TryOpenInner(TaskCompletionSource`1 retry)
   在 System.Data.SqlClient.SqlConnection.TryOpen(TaskCompletionSource`1 retry)
   在 System.Data.SqlClient.SqlConnection.Open()
   在 ToolModule.SQLServerControlClass.ExecParamSQL(Int32 _ModeNum, String _SQLstr, SqlParameter[]& _SQLParams) 位置 D:\00.机台手游项目\PublicModule\ToolModule\通用数据库控制\SQLServerControlClass.vb:行号 72

Time :2016-11-29 16:47:51
Title:查询异常：SQLServerControlClass.ExecParamSelect 2 
数据库：DB_ELECTRONGAMECONFIG
SQL语句：select 1
无法打开登录所请求的数据库 "DB_ElectronGameConfig"。登录失败。
用户 'testacc' 登录失败。
   在 System.Data.ProviderBase.DbConnectionPool.TryGetConnection(DbConnection owningObject, UInt32 waitForMultipleObjectsTimeout, Boolean allowCreate, Boolean onlyOneCheckConnection, DbConnectionOptions userOptions, DbConnectionInternal& connection)
   在 System.Data.ProviderBase.DbConnectionPool.TryGetConnection(DbConnection owningObject, TaskCompletionSource`1 retry, DbConnectionOptions userOptions, DbConnectionInternal& connection)
   在 System.Data.ProviderBase.DbConnectionFactory.TryGetConnection(DbConnection owningConnection, TaskCompletionSource`1 retry, DbConnectionOptions userOptions, DbConnectionInternal oldConnection, DbConnectionInternal& connection)
   在 System.Data.ProviderBase.DbConnectionInternal.TryOpenConnectionInternal(DbConnection outerConnection, DbConnectionFactory connectionFactory, TaskCompletionSource`1 retry, DbConnectionOptions userOptions)
   在 System.Data.ProviderBase.DbConnectionClosed.TryOpenConnection(DbConnection outerConnection, DbConnectionFactory connectionFactory, TaskCompletionSource`1 retry, DbConnectionOptions userOptions)
   在 System.Data.SqlClient.SqlConnection.TryOpenInner(TaskCompletionSource`1 retry)
   在 System.Data.SqlClient.SqlConnection.TryOpen(TaskCompletionSource`1 retry)
   在 System.Data.SqlClient.SqlConnection.Open()
   在 ToolModule.SQLServerControlClass.ExecParamSQL(Int32 _ModeNum, String _SQLstr, SqlParameter[]& _SQLParams) 位置 D:\00.机台手游项目\PublicModule\ToolModule\通用数据库控制\SQLServerControlClass.vb:行号 72

Time :2016-11-29 16:48:19
Title:查询异常：SQLServerControlClass.ExecParamSelect 2 
数据库：DB_ELECTRONGAMECONFIG
SQL语句：select 1
无法打开登录所请求的数据库 "DB_ElectronGameConfig"。登录失败。
用户 'testacc' 登录失败。
   在 System.Data.ProviderBase.DbConnectionPool.TryGetConnection(DbConnection owningObject, UInt32 waitForMultipleObjectsTimeout, Boolean allowCreate, Boolean onlyOneCheckConnection, DbConnectionOptions userOptions, DbConnectionInternal& connection)
   在 System.Data.ProviderBase.DbConnectionPool.TryGetConnection(DbConnection owningObject, TaskCompletionSource`1 retry, DbConnectionOptions userOptions, DbConnectionInternal& connection)
   在 System.Data.ProviderBase.DbConnectionFactory.TryGetConnection(DbConnection owningConnection, TaskCompletionSource`1 retry, DbConnectionOptions userOptions, DbConnectionInternal oldConnection, DbConnectionInternal& connection)
   在 System.Data.ProviderBase.DbConnectionInternal.TryOpenConnectionInternal(DbConnection outerConnection, DbConnectionFactory connectionFactory, TaskCompletionSource`1 retry, DbConnectionOptions userOptions)
   在 System.Data.ProviderBase.DbConnectionClosed.TryOpenConnection(DbConnection outerConnection, DbConnectionFactory connectionFactory, TaskCompletionSource`1 retry, DbConnectionOptions userOptions)
   在 System.Data.SqlClient.SqlConnection.TryOpenInner(TaskCompletionSource`1 retry)
   在 System.Data.SqlClient.SqlConnection.TryOpen(TaskCompletionSource`1 retry)
   在 System.Data.SqlClient.SqlConnection.Open()
   在 ToolModule.SQLServerControlClass.ExecParamSQL(Int32 _ModeNum, String _SQLstr, SqlParameter[]& _SQLParams) 位置 D:\00.机台手游项目\PublicModule\ToolModule\通用数据库控制\SQLServerControlClass.vb:行号 72

Time :2016-11-29 16:49:26
Title:执行过程：ServerSocketClass.StartListen(启动监听)

Time :2016-11-29 16:49:26
Title:执行过程：ClientSocketClass.StartConnect(启动连接)：

Time :2016-11-29 16:49:26
Title:异常过程：ServerSocketClass.ReceiveData （循环处理接收的数据时）
索引超出了数组界限。
   在 GameServer.ToListenClientClass.UesrReceiveAppEvent(String _Msgstr, ServerUserClass _SocketUser) 位置 D:\00.机台手游项目\PublicModule\GameServer\1.通用代码区（无需修改）\ToListenClientClass.vb:行号 40
   在 ToolModule.ServerSocketClass.ReceiveData(IAsyncResult _AsyncResult) 位置 D:\00.机台手游项目\PublicModule\ToolModule\通用Socket\ServerSocketClass.vb:行号 288

Time :2016-11-29 16:50:15
Title:执行过程：ServerSocketClass.StartListen(启动监听)

Time :2016-11-29 16:50:15
Title:执行过程：ClientSocketClass.StartConnect(启动连接)：

Time :2016-11-29 16:50:15
Title:异常过程：ServerSocketClass.ReceiveData （循环处理接收的数据时）
索引超出了数组界限。
   在 GameServer.ToListenClientClass.UesrReceiveAppEvent(String _Msgstr, ServerUserClass _SocketUser) 位置 D:\00.机台手游项目\PublicModule\GameServer\1.通用代码区（无需修改）\ToListenClientClass.vb:行号 40
   在 ToolModule.ServerSocketClass.ReceiveData(IAsyncResult _AsyncResult) 位置 D:\00.机台手游项目\PublicModule\ToolModule\通用Socket\ServerSocketClass.vb:行号 288