

Time :2016-12-2 10:02:32
Title:执行过程：ServerSocketClass.StartListen(启动监听)

Time :2016-12-2 10:02:32
Title:执行过程：ClientSocketClass.StartConnect(启动连接)：

Time :2016-12-2 11:38:17
Title:执行过程：ServerSocketClass.StartListen(启动监听)

Time :2016-12-2 11:38:17
Title:执行过程：ClientSocketClass.StartConnect(启动连接)：

Time :2016-12-2 11:39:10
Title:执行过程：ServerSocketClass.StartListen(启动监听)

Time :2016-12-2 11:39:10
Title:执行过程：ClientSocketClass.StartConnect(启动连接)：

Time :2016-12-2 14:06:57
Title:执行过程：ServerSocketClass.StartListen(启动监听)

Time :2016-12-2 14:06:57
Title:执行过程：ClientSocketClass.StartConnect(启动连接)：

Time :2016-12-2 14:07:13
Title:查询异常：SQLServerControlClass.ExecParamSelect 1 
数据库：DB_ELECTRONGAMECONFIG
SQL语句：update  T_EGC__SGP set _nSeatStatus=@_nSeatStatus,_vRecordUsers=@_vRecordUsers where _iNumber=@_iNumber
必须声明标量变量 "@_nSeatStatus"。
   在 System.Data.SqlClient.SqlConnection.OnError(SqlException exception, Boolean breakConnection, Action`1 wrapCloseInAction)
   在 System.Data.SqlClient.SqlInternalConnection.OnError(SqlException exception, Boolean breakConnection, Action`1 wrapCloseInAction)
   在 System.Data.SqlClient.TdsParser.ThrowExceptionAndWarning(TdsParserStateObject stateObj, Boolean callerHasConnectionLock, Boolean asyncClose)
   在 System.Data.SqlClient.TdsParser.TryRun(RunBehavior runBehavior, SqlCommand cmdHandler, SqlDataReader dataStream, BulkCopySimpleResultSet bulkCopyHandler, TdsParserStateObject stateObj, Boolean& dataReady)
   在 System.Data.SqlClient.SqlCommand.FinishExecuteReader(SqlDataReader ds, RunBehavior runBehavior, String resetOptionsString, Boolean isInternal, Boolean forDescribeParameterEncryption)
   在 System.Data.SqlClient.SqlCommand.RunExecuteReaderTds(CommandBehavior cmdBehavior, RunBehavior runBehavior, Boolean returnStream, Boolean async, Int32 timeout, Task& task, Boolean asyncWrite, Boolean inRetry, SqlDataReader ds, Boolean describeParameterEncryptionRequest)
   在 System.Data.SqlClient.SqlCommand.RunExecuteReader(CommandBehavior cmdBehavior, RunBehavior runBehavior, Boolean returnStream, String method, TaskCompletionSource`1 completion, Int32 timeout, Task& task, Boolean& usedCache, Boolean asyncWrite, Boolean inRetry)
   在 System.Data.SqlClient.SqlCommand.InternalExecuteNonQuery(TaskCompletionSource`1 completion, String methodName, Boolean sendToPipe, Int32 timeout, Boolean& usedCache, Boolean asyncWrite, Boolean inRetry)
   在 System.Data.SqlClient.SqlCommand.ExecuteNonQuery()
   在 ToolModule.SQLServerControlClass.ExecParamSQL(Int32 _ModeNum, String _SQLstr, SqlParameter[]& _SQLParams) 位置 D:\00.机台手游项目\PublicModule\ToolModule\通用数据库控制\SQLServerControlClass.vb:行号 86

Time :2016-12-2 14:07:16
Title:查询异常：SQLServerControlClass.ExecParamSelect 1 
数据库：DB_ELECTRONGAMECONFIG
SQL语句：update  T_EGC__SGP set _nSeatStatus=@_nSeatStatus,_vRecordUsers=@_vRecordUsers where _iNumber=@_iNumber
必须声明标量变量 "@_nSeatStatus"。
   在 System.Data.SqlClient.SqlConnection.OnError(SqlException exception, Boolean breakConnection, Action`1 wrapCloseInAction)
   在 System.Data.SqlClient.SqlInternalConnection.OnError(SqlException exception, Boolean breakConnection, Action`1 wrapCloseInAction)
   在 System.Data.SqlClient.TdsParser.ThrowExceptionAndWarning(TdsParserStateObject stateObj, Boolean callerHasConnectionLock, Boolean asyncClose)
   在 System.Data.SqlClient.TdsParser.TryRun(RunBehavior runBehavior, SqlCommand cmdHandler, SqlDataReader dataStream, BulkCopySimpleResultSet bulkCopyHandler, TdsParserStateObject stateObj, Boolean& dataReady)
   在 System.Data.SqlClient.SqlCommand.FinishExecuteReader(SqlDataReader ds, RunBehavior runBehavior, String resetOptionsString, Boolean isInternal, Boolean forDescribeParameterEncryption)
   在 System.Data.SqlClient.SqlCommand.RunExecuteReaderTds(CommandBehavior cmdBehavior, RunBehavior runBehavior, Boolean returnStream, Boolean async, Int32 timeout, Task& task, Boolean asyncWrite, Boolean inRetry, SqlDataReader ds, Boolean describeParameterEncryptionRequest)
   在 System.Data.SqlClient.SqlCommand.RunExecuteReader(CommandBehavior cmdBehavior, RunBehavior runBehavior, Boolean returnStream, String method, TaskCompletionSource`1 completion, Int32 timeout, Task& task, Boolean& usedCache, Boolean asyncWrite, Boolean inRetry)
   在 System.Data.SqlClient.SqlCommand.InternalExecuteNonQuery(TaskCompletionSource`1 completion, String methodName, Boolean sendToPipe, Int32 timeout, Boolean& usedCache, Boolean asyncWrite, Boolean inRetry)
   在 System.Data.SqlClient.SqlCommand.ExecuteNonQuery()
   在 ToolModule.SQLServerControlClass.ExecParamSQL(Int32 _ModeNum, String _SQLstr, SqlParameter[]& _SQLParams) 位置 D:\00.机台手游项目\PublicModule\ToolModule\通用数据库控制\SQLServerControlClass.vb:行号 86

Time :2016-12-2 14:07:19
Title:查询异常：SQLServerControlClass.ExecParamSelect 1 
数据库：DB_ELECTRONGAMECONFIG
SQL语句：update  T_EGC__SGP set _nSeatStatus=@_nSeatStatus,_vRecordUsers=@_vRecordUsers where _iNumber=@_iNumber
必须声明标量变量 "@_nSeatStatus"。
   在 System.Data.SqlClient.SqlConnection.OnError(SqlException exception, Boolean breakConnection, Action`1 wrapCloseInAction)
   在 System.Data.SqlClient.SqlInternalConnection.OnError(SqlException exception, Boolean breakConnection, Action`1 wrapCloseInAction)
   在 System.Data.SqlClient.TdsParser.ThrowExceptionAndWarning(TdsParserStateObject stateObj, Boolean callerHasConnectionLock, Boolean asyncClose)
   在 System.Data.SqlClient.TdsParser.TryRun(RunBehavior runBehavior, SqlCommand cmdHandler, SqlDataReader dataStream, BulkCopySimpleResultSet bulkCopyHandler, TdsParserStateObject stateObj, Boolean& dataReady)
   在 System.Data.SqlClient.SqlCommand.FinishExecuteReader(SqlDataReader ds, RunBehavior runBehavior, String resetOptionsString, Boolean isInternal, Boolean forDescribeParameterEncryption)
   在 System.Data.SqlClient.SqlCommand.RunExecuteReaderTds(CommandBehavior cmdBehavior, RunBehavior runBehavior, Boolean returnStream, Boolean async, Int32 timeout, Task& task, Boolean asyncWrite, Boolean inRetry, SqlDataReader ds, Boolean describeParameterEncryptionRequest)
   在 System.Data.SqlClient.SqlCommand.RunExecuteReader(CommandBehavior cmdBehavior, RunBehavior runBehavior, Boolean returnStream, String method, TaskCompletionSource`1 completion, Int32 timeout, Task& task, Boolean& usedCache, Boolean asyncWrite, Boolean inRetry)
   在 System.Data.SqlClient.SqlCommand.InternalExecuteNonQuery(TaskCompletionSource`1 completion, String methodName, Boolean sendToPipe, Int32 timeout, Boolean& usedCache, Boolean asyncWrite, Boolean inRetry)
   在 System.Data.SqlClient.SqlCommand.ExecuteNonQuery()
   在 ToolModule.SQLServerControlClass.ExecParamSQL(Int32 _ModeNum, String _SQLstr, SqlParameter[]& _SQLParams) 位置 D:\00.机台手游项目\PublicModule\ToolModule\通用数据库控制\SQLServerControlClass.vb:行号 86

Time :2016-12-2 14:07:19
Title:查询异常：SQLServerControlClass.ExecParamSelect 1 
数据库：DB_ELECTRONGAMECONFIG
SQL语句：update  T_EGC__SGP set _nSeatStatus=@_nSeatStatus,_vRecordUsers=@_vRecordUsers where _iNumber=@_iNumber
必须声明标量变量 "@_nSeatStatus"。
   在 System.Data.SqlClient.SqlConnection.OnError(SqlException exception, Boolean breakConnection, Action`1 wrapCloseInAction)
   在 System.Data.SqlClient.SqlInternalConnection.OnError(SqlException exception, Boolean breakConnection, Action`1 wrapCloseInAction)
   在 System.Data.SqlClient.TdsParser.ThrowExceptionAndWarning(TdsParserStateObject stateObj, Boolean callerHasConnectionLock, Boolean asyncClose)
   在 System.Data.SqlClient.TdsParser.TryRun(RunBehavior runBehavior, SqlCommand cmdHandler, SqlDataReader dataStream, BulkCopySimpleResultSet bulkCopyHandler, TdsParserStateObject stateObj, Boolean& dataReady)
   在 System.Data.SqlClient.SqlCommand.FinishExecuteReader(SqlDataReader ds, RunBehavior runBehavior, String resetOptionsString, Boolean isInternal, Boolean forDescribeParameterEncryption)
   在 System.Data.SqlClient.SqlCommand.RunExecuteReaderTds(CommandBehavior cmdBehavior, RunBehavior runBehavior, Boolean returnStream, Boolean async, Int32 timeout, Task& task, Boolean asyncWrite, Boolean inRetry, SqlDataReader ds, Boolean describeParameterEncryptionRequest)
   在 System.Data.SqlClient.SqlCommand.RunExecuteReader(CommandBehavior cmdBehavior, RunBehavior runBehavior, Boolean returnStream, String method, TaskCompletionSource`1 completion, Int32 timeout, Task& task, Boolean& usedCache, Boolean asyncWrite, Boolean inRetry)
   在 System.Data.SqlClient.SqlCommand.InternalExecuteNonQuery(TaskCompletionSource`1 completion, String methodName, Boolean sendToPipe, Int32 timeout, Boolean& usedCache, Boolean asyncWrite, Boolean inRetry)
   在 System.Data.SqlClient.SqlCommand.ExecuteNonQuery()
   在 ToolModule.SQLServerControlClass.ExecParamSQL(Int32 _ModeNum, String _SQLstr, SqlParameter[]& _SQLParams) 位置 D:\00.机台手游项目\PublicModule\ToolModule\通用数据库控制\SQLServerControlClass.vb:行号 86

Time :2016-12-2 14:07:22
Title:查询异常：SQLServerControlClass.ExecParamSelect 1 
数据库：DB_ELECTRONGAMECONFIG
SQL语句：update  T_EGC__SGP set _nSeatStatus=@_nSeatStatus,_vRecordUsers=@_vRecordUsers where _iNumber=@_iNumber
必须声明标量变量 "@_nSeatStatus"。
   在 System.Data.SqlClient.SqlConnection.OnError(SqlException exception, Boolean breakConnection, Action`1 wrapCloseInAction)
   在 System.Data.SqlClient.SqlInternalConnection.OnError(SqlException exception, Boolean breakConnection, Action`1 wrapCloseInAction)
   在 System.Data.SqlClient.TdsParser.ThrowExceptionAndWarning(TdsParserStateObject stateObj, Boolean callerHasConnectionLock, Boolean asyncClose)
   在 System.Data.SqlClient.TdsParser.TryRun(RunBehavior runBehavior, SqlCommand cmdHandler, SqlDataReader dataStream, BulkCopySimpleResultSet bulkCopyHandler, TdsParserStateObject stateObj, Boolean& dataReady)
   在 System.Data.SqlClient.SqlCommand.FinishExecuteReader(SqlDataReader ds, RunBehavior runBehavior, String resetOptionsString, Boolean isInternal, Boolean forDescribeParameterEncryption)
   在 System.Data.SqlClient.SqlCommand.RunExecuteReaderTds(CommandBehavior cmdBehavior, RunBehavior runBehavior, Boolean returnStream, Boolean async, Int32 timeout, Task& task, Boolean asyncWrite, Boolean inRetry, SqlDataReader ds, Boolean describeParameterEncryptionRequest)
   在 System.Data.SqlClient.SqlCommand.RunExecuteReader(CommandBehavior cmdBehavior, RunBehavior runBehavior, Boolean returnStream, String method, TaskCompletionSource`1 completion, Int32 timeout, Task& task, Boolean& usedCache, Boolean asyncWrite, Boolean inRetry)
   在 System.Data.SqlClient.SqlCommand.InternalExecuteNonQuery(TaskCompletionSource`1 completion, String methodName, Boolean sendToPipe, Int32 timeout, Boolean& usedCache, Boolean asyncWrite, Boolean inRetry)
   在 System.Data.SqlClient.SqlCommand.ExecuteNonQuery()
   在 ToolModule.SQLServerControlClass.ExecParamSQL(Int32 _ModeNum, String _SQLstr, SqlParameter[]& _SQLParams) 位置 D:\00.机台手游项目\PublicModule\ToolModule\通用数据库控制\SQLServerControlClass.vb:行号 86

Time :2016-12-2 14:08:42
Title:执行过程：ServerSocketClass.StartListen(启动监听)

Time :2016-12-2 14:08:42
Title:执行过程：ClientSocketClass.StartConnect(启动连接)：

Time :2016-12-2 14:15:51
Title:异常过程：ServerSocketClass.ReceiveData （循环处理接收的数据时）
未将对象引用设置到对象的实例。
   在 GameServer.LogicModule.UesrReceiveEvent(String _Tab, String _Data, UserClass& _User) 位置 C:\Users\Administrator\Desktop\GameServer\2.待开发代码区\LogicModule.vb:行号 875
   在 GameServer.ToListenClientClass.UesrReceiveAppEvent(String _Msgstr, ServerUserClass _SocketUser) 位置 C:\Users\Administrator\Desktop\GameServer\1.通用代码区（无需修改）\ToListenClientClass.vb:行号 67
   在 ToolModule.ServerSocketClass.ReceiveData(IAsyncResult _AsyncResult) 位置 D:\00.机台手游项目\PublicModule\ToolModule\通用Socket\ServerSocketClass.vb:行号 288

Time :2016-12-2 14:18:12
Title:执行过程：ServerSocketClass.StartListen(启动监听)

Time :2016-12-2 14:18:12
Title:执行过程：ClientSocketClass.StartConnect(启动连接)：

Time :2016-12-2 14:20:47
Title:查询异常：SQLServerControlClass.ExecParamSelect 1 
数据库：DB_ELECTRONGAMECONFIG
SQL语句：update  T_EGC__SGP set _nSeatStatus=@_nSeatStatus,_vRecordUsers=@_vRecordUsers where _iNumber=@_iNumber
必须声明标量变量 "@_nSeatStatus"。
   在 System.Data.SqlClient.SqlConnection.OnError(SqlException exception, Boolean breakConnection, Action`1 wrapCloseInAction)
   在 System.Data.SqlClient.SqlInternalConnection.OnError(SqlException exception, Boolean breakConnection, Action`1 wrapCloseInAction)
   在 System.Data.SqlClient.TdsParser.ThrowExceptionAndWarning(TdsParserStateObject stateObj, Boolean callerHasConnectionLock, Boolean asyncClose)
   在 System.Data.SqlClient.TdsParser.TryRun(RunBehavior runBehavior, SqlCommand cmdHandler, SqlDataReader dataStream, BulkCopySimpleResultSet bulkCopyHandler, TdsParserStateObject stateObj, Boolean& dataReady)
   在 System.Data.SqlClient.SqlCommand.FinishExecuteReader(SqlDataReader ds, RunBehavior runBehavior, String resetOptionsString, Boolean isInternal, Boolean forDescribeParameterEncryption)
   在 System.Data.SqlClient.SqlCommand.RunExecuteReaderTds(CommandBehavior cmdBehavior, RunBehavior runBehavior, Boolean returnStream, Boolean async, Int32 timeout, Task& task, Boolean asyncWrite, Boolean inRetry, SqlDataReader ds, Boolean describeParameterEncryptionRequest)
   在 System.Data.SqlClient.SqlCommand.RunExecuteReader(CommandBehavior cmdBehavior, RunBehavior runBehavior, Boolean returnStream, String method, TaskCompletionSource`1 completion, Int32 timeout, Task& task, Boolean& usedCache, Boolean asyncWrite, Boolean inRetry)
   在 System.Data.SqlClient.SqlCommand.InternalExecuteNonQuery(TaskCompletionSource`1 completion, String methodName, Boolean sendToPipe, Int32 timeout, Boolean& usedCache, Boolean asyncWrite, Boolean inRetry)
   在 System.Data.SqlClient.SqlCommand.ExecuteNonQuery()
   在 ToolModule.SQLServerControlClass.ExecParamSQL(Int32 _ModeNum, String _SQLstr, SqlParameter[]& _SQLParams) 位置 D:\00.机台手游项目\PublicModule\ToolModule\通用数据库控制\SQLServerControlClass.vb:行号 86

Time :2016-12-2 14:39:02
Title:执行过程：ServerSocketClass.StartListen(启动监听)

Time :2016-12-2 14:39:02
Title:执行过程：ClientSocketClass.StartConnect(启动连接)：

Time :2016-12-2 14:39:47
Title:异常过程：ServerSocketClass.ReceiveData （循环处理接收的数据时）
未将对象引用设置到对象的实例。
   在 GameServer.LogicModule.UesrReceiveEvent(String _Tab, String _Data, UserClass& _User) 位置 C:\Users\Administrator\Desktop\GameServer\2.待开发代码区\LogicModule.vb:行号 875
   在 GameServer.ToListenClientClass.UesrReceiveAppEvent(String _Msgstr, ServerUserClass _SocketUser) 位置 C:\Users\Administrator\Desktop\GameServer\1.通用代码区（无需修改）\ToListenClientClass.vb:行号 67
   在 ToolModule.ServerSocketClass.ReceiveData(IAsyncResult _AsyncResult) 位置 D:\00.机台手游项目\PublicModule\ToolModule\通用Socket\ServerSocketClass.vb:行号 288

Time :2016-12-2 14:41:20
Title:异常过程：ServerSocketClass.ReceiveData （循环处理接收的数据时）
未将对象引用设置到对象的实例。
   在 GameServer.LogicModule.UesrReceiveEvent(String _Tab, String _Data, UserClass& _User) 位置 C:\Users\Administrator\Desktop\GameServer\2.待开发代码区\LogicModule.vb:行号 875
   在 GameServer.ToListenClientClass.UesrReceiveAppEvent(String _Msgstr, ServerUserClass _SocketUser) 位置 C:\Users\Administrator\Desktop\GameServer\1.通用代码区（无需修改）\ToListenClientClass.vb:行号 67
   在 ToolModule.ServerSocketClass.ReceiveData(IAsyncResult _AsyncResult) 位置 D:\00.机台手游项目\PublicModule\ToolModule\通用Socket\ServerSocketClass.vb:行号 288

Time :2016-12-2 14:45:57
Title:执行过程：ServerSocketClass.StartListen(启动监听)

Time :2016-12-2 14:45:57
Title:执行过程：ClientSocketClass.StartConnect(启动连接)：

Time :2016-12-2 14:46:15
Title:查询异常：SQLServerControlClass.ExecParamSelect 1 
数据库：DB_ELECTRONGAMECONFIG
SQL语句：update  T_EGC__SGP set _nSeatStatus=@_nSeatStatus,_vRecordUsers=@_vRecordUsers where _iNumber=@_iNumber
必须声明标量变量 "@_nSeatStatus"。
   在 System.Data.SqlClient.SqlConnection.OnError(SqlException exception, Boolean breakConnection, Action`1 wrapCloseInAction)
   在 System.Data.SqlClient.SqlInternalConnection.OnError(SqlException exception, Boolean breakConnection, Action`1 wrapCloseInAction)
   在 System.Data.SqlClient.TdsParser.ThrowExceptionAndWarning(TdsParserStateObject stateObj, Boolean callerHasConnectionLock, Boolean asyncClose)
   在 System.Data.SqlClient.TdsParser.TryRun(RunBehavior runBehavior, SqlCommand cmdHandler, SqlDataReader dataStream, BulkCopySimpleResultSet bulkCopyHandler, TdsParserStateObject stateObj, Boolean& dataReady)
   在 System.Data.SqlClient.SqlCommand.FinishExecuteReader(SqlDataReader ds, RunBehavior runBehavior, String resetOptionsString, Boolean isInternal, Boolean forDescribeParameterEncryption)
   在 System.Data.SqlClient.SqlCommand.RunExecuteReaderTds(CommandBehavior cmdBehavior, RunBehavior runBehavior, Boolean returnStream, Boolean async, Int32 timeout, Task& task, Boolean asyncWrite, Boolean inRetry, SqlDataReader ds, Boolean describeParameterEncryptionRequest)
   在 System.Data.SqlClient.SqlCommand.RunExecuteReader(CommandBehavior cmdBehavior, RunBehavior runBehavior, Boolean returnStream, String method, TaskCompletionSource`1 completion, Int32 timeout, Task& task, Boolean& usedCache, Boolean asyncWrite, Boolean inRetry)
   在 System.Data.SqlClient.SqlCommand.InternalExecuteNonQuery(TaskCompletionSource`1 completion, String methodName, Boolean sendToPipe, Int32 timeout, Boolean& usedCache, Boolean asyncWrite, Boolean inRetry)
   在 System.Data.SqlClient.SqlCommand.ExecuteNonQuery()
   在 ToolModule.SQLServerControlClass.ExecParamSQL(Int32 _ModeNum, String _SQLstr, SqlParameter[]& _SQLParams) 位置 D:\00.机台手游项目\PublicModule\ToolModule\通用数据库控制\SQLServerControlClass.vb:行号 86

Time :2016-12-2 14:46:17
Title:异常过程：ServerSocketClass.ReceiveData （循环处理接收的数据时）
未将对象引用设置到对象的实例。
   在 GameServer.LogicModule.UesrReceiveEvent(String _Tab, String _Data, UserClass& _User) 位置 C:\Users\Administrator\Desktop\GameServer\2.待开发代码区\LogicModule.vb:行号 875
   在 GameServer.ToListenClientClass.UesrReceiveAppEvent(String _Msgstr, ServerUserClass _SocketUser) 位置 C:\Users\Administrator\Desktop\GameServer\1.通用代码区（无需修改）\ToListenClientClass.vb:行号 67
   在 ToolModule.ServerSocketClass.ReceiveData(IAsyncResult _AsyncResult) 位置 D:\00.机台手游项目\PublicModule\ToolModule\通用Socket\ServerSocketClass.vb:行号 288

Time :2016-12-2 14:47:13
Title:异常过程：ServerSocketClass.ReceiveData （循环处理接收的数据时）
未将对象引用设置到对象的实例。
   在 GameServer.LogicModule.UesrReceiveEvent(String _Tab, String _Data, UserClass& _User) 位置 C:\Users\Administrator\Desktop\GameServer\2.待开发代码区\LogicModule.vb:行号 875
   在 GameServer.ToListenClientClass.UesrReceiveAppEvent(String _Msgstr, ServerUserClass _SocketUser) 位置 C:\Users\Administrator\Desktop\GameServer\1.通用代码区（无需修改）\ToListenClientClass.vb:行号 67
   在 ToolModule.ServerSocketClass.ReceiveData(IAsyncResult _AsyncResult) 位置 D:\00.机台手游项目\PublicModule\ToolModule\通用Socket\ServerSocketClass.vb:行号 288

Time :2016-12-2 14:48:36
Title:执行过程：ServerSocketClass.StartListen(启动监听)

Time :2016-12-2 14:48:36
Title:执行过程：ClientSocketClass.StartConnect(启动连接)：

Time :2016-12-2 14:49:17
Title:异常过程：ServerSocketClass.ReceiveData （循环处理接收的数据时）
未将对象引用设置到对象的实例。
   在 GameServer.LogicModule.UesrReceiveEvent(String _Tab, String _Data, UserClass& _User) 位置 C:\Users\Administrator\Desktop\GameServer\2.待开发代码区\LogicModule.vb:行号 875
   在 GameServer.ToListenClientClass.UesrReceiveAppEvent(String _Msgstr, ServerUserClass _SocketUser) 位置 C:\Users\Administrator\Desktop\GameServer\1.通用代码区（无需修改）\ToListenClientClass.vb:行号 67
   在 ToolModule.ServerSocketClass.ReceiveData(IAsyncResult _AsyncResult) 位置 D:\00.机台手游项目\PublicModule\ToolModule\通用Socket\ServerSocketClass.vb:行号 288

Time :2016-12-2 14:50:56
Title:执行过程：ServerSocketClass.StartListen(启动监听)

Time :2016-12-2 14:50:57
Title:执行过程：ClientSocketClass.StartConnect(启动连接)：

Time :2016-12-2 14:51:41
Title:执行过程：ServerSocketClass.StartListen(启动监听)

Time :2016-12-2 14:51:41
Title:执行过程：ClientSocketClass.StartConnect(启动连接)：

Time :2016-12-2 14:51:43
Title:异常过程：ServerSocketClass.ServerListen（循环体内）
正在中止线程。
   在 System.Threading.WaitHandle.WaitOneNative(SafeHandle waitableSafeHandle, UInt32 millisecondsTimeout, Boolean hasThreadAffinity, Boolean exitContext)
   在 System.Threading.WaitHandle.InternalWaitOne(SafeHandle waitableSafeHandle, Int64 millisecondsTimeout, Boolean hasThreadAffinity, Boolean exitContext)
   在 System.Threading.WaitHandle.WaitOne(Int32 millisecondsTimeout, Boolean exitContext)
   在 System.Threading.WaitHandle.WaitOne()
   在 ToolModule.ServerSocketClass.ServerListen() 位置 D:\00.机台手游项目\PublicModule\ToolModule\通用Socket\ServerSocketClass.vb:行号 166

Time :2016-12-2 14:51:43
Title:异常过程：ServerSocketClass.ServerListen
正在中止线程。
   在 ToolModule.ServerSocketClass.ServerListen() 位置 D:\00.机台手游项目\PublicModule\ToolModule\通用Socket\ServerSocketClass.vb:行号 168

Time :2016-12-2 14:51:43
Title:异常过程：ServerSocketClass.Acceptasyn
已关闭 Safe handle
   在 System.Runtime.InteropServices.SafeHandle.DangerousAddRef(Boolean& success)
   在 System.StubHelpers.StubHelpers.SafeHandleAddRef(SafeHandle pHandle, Boolean& success)
   在 Microsoft.Win32.Win32Native.SetEvent(SafeWaitHandle handle)
   在 System.Threading.EventWaitHandle.Set()
   在 ToolModule.ServerSocketClass.Acceptasyn(IAsyncResult _AsyncResult) 位置 D:\00.机台手游项目\PublicModule\ToolModule\通用Socket\ServerSocketClass.vb:行号 183

Time :2016-12-2 14:51:43
Title:执行过程：ServerSocketClass.StartListen(启动监听)

Time :2016-12-2 14:51:43
Title:执行过程：ClientSocketClass.StartConnect(启动连接)：

Time :2016-12-2 14:52:07
Title:执行过程：ServerSocketClass.StartListen(启动监听)

Time :2016-12-2 14:52:07
Title:执行过程：ClientSocketClass.StartConnect(启动连接)：

Time :2016-12-2 14:52:14
Title:查询异常：SQLServerControlClass.ExecParamSelect 1 
数据库：DB_ELECTRONGAMECONFIG
SQL语句：update  T_EGC__SGP set _nSeatStatus=@_nSeatStatus,_vRecordUsers=@_vRecordUsers where _iNumber=@_iNumber
必须声明标量变量 "@_nSeatStatus"。
   在 System.Data.SqlClient.SqlConnection.OnError(SqlException exception, Boolean breakConnection, Action`1 wrapCloseInAction)
   在 System.Data.SqlClient.SqlInternalConnection.OnError(SqlException exception, Boolean breakConnection, Action`1 wrapCloseInAction)
   在 System.Data.SqlClient.TdsParser.ThrowExceptionAndWarning(TdsParserStateObject stateObj, Boolean callerHasConnectionLock, Boolean asyncClose)
   在 System.Data.SqlClient.TdsParser.TryRun(RunBehavior runBehavior, SqlCommand cmdHandler, SqlDataReader dataStream, BulkCopySimpleResultSet bulkCopyHandler, TdsParserStateObject stateObj, Boolean& dataReady)
   在 System.Data.SqlClient.SqlCommand.FinishExecuteReader(SqlDataReader ds, RunBehavior runBehavior, String resetOptionsString, Boolean isInternal, Boolean forDescribeParameterEncryption)
   在 System.Data.SqlClient.SqlCommand.RunExecuteReaderTds(CommandBehavior cmdBehavior, RunBehavior runBehavior, Boolean returnStream, Boolean async, Int32 timeout, Task& task, Boolean asyncWrite, Boolean inRetry, SqlDataReader ds, Boolean describeParameterEncryptionRequest)
   在 System.Data.SqlClient.SqlCommand.RunExecuteReader(CommandBehavior cmdBehavior, RunBehavior runBehavior, Boolean returnStream, String method, TaskCompletionSource`1 completion, Int32 timeout, Task& task, Boolean& usedCache, Boolean asyncWrite, Boolean inRetry)
   在 System.Data.SqlClient.SqlCommand.InternalExecuteNonQuery(TaskCompletionSource`1 completion, String methodName, Boolean sendToPipe, Int32 timeout, Boolean& usedCache, Boolean asyncWrite, Boolean inRetry)
   在 System.Data.SqlClient.SqlCommand.ExecuteNonQuery()
   在 ToolModule.SQLServerControlClass.ExecParamSQL(Int32 _ModeNum, String _SQLstr, SqlParameter[]& _SQLParams) 位置 D:\00.机台手游项目\PublicModule\ToolModule\通用数据库控制\SQLServerControlClass.vb:行号 86

Time :2016-12-2 14:55:17
Title:查询异常：SQLServerControlClass.ExecParamSelect 1 
数据库：DB_ELECTRONGAMECONFIG
SQL语句：update  T_EGC__SGP set _nSeatStatus=@_nSeatStatus,_vRecordUsers=@_vRecordUsers where _iNumber=@_iNumber
必须声明标量变量 "@_nSeatStatus"。
   在 System.Data.SqlClient.SqlConnection.OnError(SqlException exception, Boolean breakConnection, Action`1 wrapCloseInAction)
   在 System.Data.SqlClient.SqlInternalConnection.OnError(SqlException exception, Boolean breakConnection, Action`1 wrapCloseInAction)
   在 System.Data.SqlClient.TdsParser.ThrowExceptionAndWarning(TdsParserStateObject stateObj, Boolean callerHasConnectionLock, Boolean asyncClose)
   在 System.Data.SqlClient.TdsParser.TryRun(RunBehavior runBehavior, SqlCommand cmdHandler, SqlDataReader dataStream, BulkCopySimpleResultSet bulkCopyHandler, TdsParserStateObject stateObj, Boolean& dataReady)
   在 System.Data.SqlClient.SqlCommand.FinishExecuteReader(SqlDataReader ds, RunBehavior runBehavior, String resetOptionsString, Boolean isInternal, Boolean forDescribeParameterEncryption)
   在 System.Data.SqlClient.SqlCommand.RunExecuteReaderTds(CommandBehavior cmdBehavior, RunBehavior runBehavior, Boolean returnStream, Boolean async, Int32 timeout, Task& task, Boolean asyncWrite, Boolean inRetry, SqlDataReader ds, Boolean describeParameterEncryptionRequest)
   在 System.Data.SqlClient.SqlCommand.RunExecuteReader(CommandBehavior cmdBehavior, RunBehavior runBehavior, Boolean returnStream, String method, TaskCompletionSource`1 completion, Int32 timeout, Task& task, Boolean& usedCache, Boolean asyncWrite, Boolean inRetry)
   在 System.Data.SqlClient.SqlCommand.InternalExecuteNonQuery(TaskCompletionSource`1 completion, String methodName, Boolean sendToPipe, Int32 timeout, Boolean& usedCache, Boolean asyncWrite, Boolean inRetry)
   在 System.Data.SqlClient.SqlCommand.ExecuteNonQuery()
   在 ToolModule.SQLServerControlClass.ExecParamSQL(Int32 _ModeNum, String _SQLstr, SqlParameter[]& _SQLParams) 位置 D:\00.机台手游项目\PublicModule\ToolModule\通用数据库控制\SQLServerControlClass.vb:行号 86

Time :2016-12-2 14:57:38
Title:查询异常：SQLServerControlClass.ExecParamSelect 1 
数据库：DB_ELECTRONGAMECONFIG
SQL语句：update  T_EGC__SGP set _nSeatStatus=@_nSeatStatus,_vRecordUsers=@_vRecordUsers where _iNumber=@_iNumber
必须声明标量变量 "@_nSeatStatus"。
   在 System.Data.SqlClient.SqlConnection.OnError(SqlException exception, Boolean breakConnection, Action`1 wrapCloseInAction)
   在 System.Data.SqlClient.SqlInternalConnection.OnError(SqlException exception, Boolean breakConnection, Action`1 wrapCloseInAction)
   在 System.Data.SqlClient.TdsParser.ThrowExceptionAndWarning(TdsParserStateObject stateObj, Boolean callerHasConnectionLock, Boolean asyncClose)
   在 System.Data.SqlClient.TdsParser.TryRun(RunBehavior runBehavior, SqlCommand cmdHandler, SqlDataReader dataStream, BulkCopySimpleResultSet bulkCopyHandler, TdsParserStateObject stateObj, Boolean& dataReady)
   在 System.Data.SqlClient.SqlCommand.FinishExecuteReader(SqlDataReader ds, RunBehavior runBehavior, String resetOptionsString, Boolean isInternal, Boolean forDescribeParameterEncryption)
   在 System.Data.SqlClient.SqlCommand.RunExecuteReaderTds(CommandBehavior cmdBehavior, RunBehavior runBehavior, Boolean returnStream, Boolean async, Int32 timeout, Task& task, Boolean asyncWrite, Boolean inRetry, SqlDataReader ds, Boolean describeParameterEncryptionRequest)
   在 System.Data.SqlClient.SqlCommand.RunExecuteReader(CommandBehavior cmdBehavior, RunBehavior runBehavior, Boolean returnStream, String method, TaskCompletionSource`1 completion, Int32 timeout, Task& task, Boolean& usedCache, Boolean asyncWrite, Boolean inRetry)
   在 System.Data.SqlClient.SqlCommand.InternalExecuteNonQuery(TaskCompletionSource`1 completion, String methodName, Boolean sendToPipe, Int32 timeout, Boolean& usedCache, Boolean asyncWrite, Boolean inRetry)
   在 System.Data.SqlClient.SqlCommand.ExecuteNonQuery()
   在 ToolModule.SQLServerControlClass.ExecParamSQL(Int32 _ModeNum, String _SQLstr, SqlParameter[]& _SQLParams) 位置 D:\00.机台手游项目\PublicModule\ToolModule\通用数据库控制\SQLServerControlClass.vb:行号 86

Time :2016-12-2 14:57:38
Title:异常过程：ServerSocketClass.ReceiveData （循环处理接收的数据时）
未将对象引用设置到对象的实例。
   在 GameServer.LogicModule.UesrReceiveEvent(String _Tab, String _Data, UserClass& _User) 位置 C:\Users\Administrator\Desktop\GameServer\2.待开发代码区\LogicModule.vb:行号 875
   在 GameServer.ToListenClientClass.UesrReceiveAppEvent(String _Msgstr, ServerUserClass _SocketUser) 位置 C:\Users\Administrator\Desktop\GameServer\1.通用代码区（无需修改）\ToListenClientClass.vb:行号 67
   在 ToolModule.ServerSocketClass.ReceiveData(IAsyncResult _AsyncResult) 位置 D:\00.机台手游项目\PublicModule\ToolModule\通用Socket\ServerSocketClass.vb:行号 288

Time :2016-12-2 14:58:38
Title:查询异常：SQLServerControlClass.ExecParamSelect 1 
数据库：DB_ELECTRONGAMECONFIG
SQL语句：update  T_EGC__SGP set _nSeatStatus=@_nSeatStatus,_vRecordUsers=@_vRecordUsers where _iNumber=@_iNumber
必须声明标量变量 "@_nSeatStatus"。
   在 System.Data.SqlClient.SqlConnection.OnError(SqlException exception, Boolean breakConnection, Action`1 wrapCloseInAction)
   在 System.Data.SqlClient.SqlInternalConnection.OnError(SqlException exception, Boolean breakConnection, Action`1 wrapCloseInAction)
   在 System.Data.SqlClient.TdsParser.ThrowExceptionAndWarning(TdsParserStateObject stateObj, Boolean callerHasConnectionLock, Boolean asyncClose)
   在 System.Data.SqlClient.TdsParser.TryRun(RunBehavior runBehavior, SqlCommand cmdHandler, SqlDataReader dataStream, BulkCopySimpleResultSet bulkCopyHandler, TdsParserStateObject stateObj, Boolean& dataReady)
   在 System.Data.SqlClient.SqlCommand.FinishExecuteReader(SqlDataReader ds, RunBehavior runBehavior, String resetOptionsString, Boolean isInternal, Boolean forDescribeParameterEncryption)
   在 System.Data.SqlClient.SqlCommand.RunExecuteReaderTds(CommandBehavior cmdBehavior, RunBehavior runBehavior, Boolean returnStream, Boolean async, Int32 timeout, Task& task, Boolean asyncWrite, Boolean inRetry, SqlDataReader ds, Boolean describeParameterEncryptionRequest)
   在 System.Data.SqlClient.SqlCommand.RunExecuteReader(CommandBehavior cmdBehavior, RunBehavior runBehavior, Boolean returnStream, String method, TaskCompletionSource`1 completion, Int32 timeout, Task& task, Boolean& usedCache, Boolean asyncWrite, Boolean inRetry)
   在 System.Data.SqlClient.SqlCommand.InternalExecuteNonQuery(TaskCompletionSource`1 completion, String methodName, Boolean sendToPipe, Int32 timeout, Boolean& usedCache, Boolean asyncWrite, Boolean inRetry)
   在 System.Data.SqlClient.SqlCommand.ExecuteNonQuery()
   在 ToolModule.SQLServerControlClass.ExecParamSQL(Int32 _ModeNum, String _SQLstr, SqlParameter[]& _SQLParams) 位置 D:\00.机台手游项目\PublicModule\ToolModule\通用数据库控制\SQLServerControlClass.vb:行号 86

Time :2016-12-2 15:05:41
Title:异常过程：ServerSocketClass.ReceiveData （循环处理接收的数据时）
未将对象引用设置到对象的实例。
   在 GameServer.LogicModule.UesrReceiveEvent(String _Tab, String _Data, UserClass& _User) 位置 C:\Users\Administrator\Desktop\GameServer\2.待开发代码区\LogicModule.vb:行号 875
   在 GameServer.ToListenClientClass.UesrReceiveAppEvent(String _Msgstr, ServerUserClass _SocketUser) 位置 C:\Users\Administrator\Desktop\GameServer\1.通用代码区（无需修改）\ToListenClientClass.vb:行号 67
   在 ToolModule.ServerSocketClass.ReceiveData(IAsyncResult _AsyncResult) 位置 D:\00.机台手游项目\PublicModule\ToolModule\通用Socket\ServerSocketClass.vb:行号 288

Time :2016-12-2 15:05:44
Title:查询异常：SQLServerControlClass.ExecParamSelect 1 
数据库：DB_ELECTRONGAMECONFIG
SQL语句：update  T_EGC__SGP set _nSeatStatus=@_nSeatStatus,_vRecordUsers=@_vRecordUsers where _iNumber=@_iNumber
必须声明标量变量 "@_nSeatStatus"。
   在 System.Data.SqlClient.SqlConnection.OnError(SqlException exception, Boolean breakConnection, Action`1 wrapCloseInAction)
   在 System.Data.SqlClient.SqlInternalConnection.OnError(SqlException exception, Boolean breakConnection, Action`1 wrapCloseInAction)
   在 System.Data.SqlClient.TdsParser.ThrowExceptionAndWarning(TdsParserStateObject stateObj, Boolean callerHasConnectionLock, Boolean asyncClose)
   在 System.Data.SqlClient.TdsParser.TryRun(RunBehavior runBehavior, SqlCommand cmdHandler, SqlDataReader dataStream, BulkCopySimpleResultSet bulkCopyHandler, TdsParserStateObject stateObj, Boolean& dataReady)
   在 System.Data.SqlClient.SqlCommand.FinishExecuteReader(SqlDataReader ds, RunBehavior runBehavior, String resetOptionsString, Boolean isInternal, Boolean forDescribeParameterEncryption)
   在 System.Data.SqlClient.SqlCommand.RunExecuteReaderTds(CommandBehavior cmdBehavior, RunBehavior runBehavior, Boolean returnStream, Boolean async, Int32 timeout, Task& task, Boolean asyncWrite, Boolean inRetry, SqlDataReader ds, Boolean describeParameterEncryptionRequest)
   在 System.Data.SqlClient.SqlCommand.RunExecuteReader(CommandBehavior cmdBehavior, RunBehavior runBehavior, Boolean returnStream, String method, TaskCompletionSource`1 completion, Int32 timeout, Task& task, Boolean& usedCache, Boolean asyncWrite, Boolean inRetry)
   在 System.Data.SqlClient.SqlCommand.InternalExecuteNonQuery(TaskCompletionSource`1 completion, String methodName, Boolean sendToPipe, Int32 timeout, Boolean& usedCache, Boolean asyncWrite, Boolean inRetry)
   在 System.Data.SqlClient.SqlCommand.ExecuteNonQuery()
   在 ToolModule.SQLServerControlClass.ExecParamSQL(Int32 _ModeNum, String _SQLstr, SqlParameter[]& _SQLParams) 位置 D:\00.机台手游项目\PublicModule\ToolModule\通用数据库控制\SQLServerControlClass.vb:行号 86

Time :2016-12-2 15:06:19
Title:查询异常：SQLServerControlClass.ExecParamSelect 1 
数据库：DB_ELECTRONGAMECONFIG
SQL语句：update  T_EGC__SGP set _nSeatStatus=@_nSeatStatus,_vRecordUsers=@_vRecordUsers where _iNumber=@_iNumber
必须声明标量变量 "@_nSeatStatus"。
   在 System.Data.SqlClient.SqlConnection.OnError(SqlException exception, Boolean breakConnection, Action`1 wrapCloseInAction)
   在 System.Data.SqlClient.SqlInternalConnection.OnError(SqlException exception, Boolean breakConnection, Action`1 wrapCloseInAction)
   在 System.Data.SqlClient.TdsParser.ThrowExceptionAndWarning(TdsParserStateObject stateObj, Boolean callerHasConnectionLock, Boolean asyncClose)
   在 System.Data.SqlClient.TdsParser.TryRun(RunBehavior runBehavior, SqlCommand cmdHandler, SqlDataReader dataStream, BulkCopySimpleResultSet bulkCopyHandler, TdsParserStateObject stateObj, Boolean& dataReady)
   在 System.Data.SqlClient.SqlCommand.FinishExecuteReader(SqlDataReader ds, RunBehavior runBehavior, String resetOptionsString, Boolean isInternal, Boolean forDescribeParameterEncryption)
   在 System.Data.SqlClient.SqlCommand.RunExecuteReaderTds(CommandBehavior cmdBehavior, RunBehavior runBehavior, Boolean returnStream, Boolean async, Int32 timeout, Task& task, Boolean asyncWrite, Boolean inRetry, SqlDataReader ds, Boolean describeParameterEncryptionRequest)
   在 System.Data.SqlClient.SqlCommand.RunExecuteReader(CommandBehavior cmdBehavior, RunBehavior runBehavior, Boolean returnStream, String method, TaskCompletionSource`1 completion, Int32 timeout, Task& task, Boolean& usedCache, Boolean asyncWrite, Boolean inRetry)
   在 System.Data.SqlClient.SqlCommand.InternalExecuteNonQuery(TaskCompletionSource`1 completion, String methodName, Boolean sendToPipe, Int32 timeout, Boolean& usedCache, Boolean asyncWrite, Boolean inRetry)
   在 System.Data.SqlClient.SqlCommand.ExecuteNonQuery()
   在 ToolModule.SQLServerControlClass.ExecParamSQL(Int32 _ModeNum, String _SQLstr, SqlParameter[]& _SQLParams) 位置 D:\00.机台手游项目\PublicModule\ToolModule\通用数据库控制\SQLServerControlClass.vb:行号 86

Time :2016-12-2 15:06:19
Title:异常过程：ServerSocketClass.ReceiveData （循环处理接收的数据时）
未将对象引用设置到对象的实例。
   在 GameServer.LogicModule.UesrReceiveEvent(String _Tab, String _Data, UserClass& _User) 位置 C:\Users\Administrator\Desktop\GameServer\2.待开发代码区\LogicModule.vb:行号 875
   在 GameServer.ToListenClientClass.UesrReceiveAppEvent(String _Msgstr, ServerUserClass _SocketUser) 位置 C:\Users\Administrator\Desktop\GameServer\1.通用代码区（无需修改）\ToListenClientClass.vb:行号 67
   在 ToolModule.ServerSocketClass.ReceiveData(IAsyncResult _AsyncResult) 位置 D:\00.机台手游项目\PublicModule\ToolModule\通用Socket\ServerSocketClass.vb:行号 288

Time :2016-12-2 15:07:01
Title:查询异常：SQLServerControlClass.ExecParamSelect 1 
数据库：DB_ELECTRONGAMECONFIG
SQL语句：update  T_EGC__SGP set _nSeatStatus=@_nSeatStatus,_vRecordUsers=@_vRecordUsers where _iNumber=@_iNumber
必须声明标量变量 "@_nSeatStatus"。
   在 System.Data.SqlClient.SqlConnection.OnError(SqlException exception, Boolean breakConnection, Action`1 wrapCloseInAction)
   在 System.Data.SqlClient.SqlInternalConnection.OnError(SqlException exception, Boolean breakConnection, Action`1 wrapCloseInAction)
   在 System.Data.SqlClient.TdsParser.ThrowExceptionAndWarning(TdsParserStateObject stateObj, Boolean callerHasConnectionLock, Boolean asyncClose)
   在 System.Data.SqlClient.TdsParser.TryRun(RunBehavior runBehavior, SqlCommand cmdHandler, SqlDataReader dataStream, BulkCopySimpleResultSet bulkCopyHandler, TdsParserStateObject stateObj, Boolean& dataReady)
   在 System.Data.SqlClient.SqlCommand.FinishExecuteReader(SqlDataReader ds, RunBehavior runBehavior, String resetOptionsString, Boolean isInternal, Boolean forDescribeParameterEncryption)
   在 System.Data.SqlClient.SqlCommand.RunExecuteReaderTds(CommandBehavior cmdBehavior, RunBehavior runBehavior, Boolean returnStream, Boolean async, Int32 timeout, Task& task, Boolean asyncWrite, Boolean inRetry, SqlDataReader ds, Boolean describeParameterEncryptionRequest)
   在 System.Data.SqlClient.SqlCommand.RunExecuteReader(CommandBehavior cmdBehavior, RunBehavior runBehavior, Boolean returnStream, String method, TaskCompletionSource`1 completion, Int32 timeout, Task& task, Boolean& usedCache, Boolean asyncWrite, Boolean inRetry)
   在 System.Data.SqlClient.SqlCommand.InternalExecuteNonQuery(TaskCompletionSource`1 completion, String methodName, Boolean sendToPipe, Int32 timeout, Boolean& usedCache, Boolean asyncWrite, Boolean inRetry)
   在 System.Data.SqlClient.SqlCommand.ExecuteNonQuery()
   在 ToolModule.SQLServerControlClass.ExecParamSQL(Int32 _ModeNum, String _SQLstr, SqlParameter[]& _SQLParams) 位置 D:\00.机台手游项目\PublicModule\ToolModule\通用数据库控制\SQLServerControlClass.vb:行号 86

Time :2016-12-2 15:25:18
Title:执行过程：ServerSocketClass.StartListen(启动监听)

Time :2016-12-2 15:25:18
Title:执行过程：ClientSocketClass.StartConnect(启动连接)：

Time :2016-12-2 15:25:33
Title:查询异常：SQLServerControlClass.ExecParamSelect 1 
数据库：DB_ELECTRONGAMECONFIG
SQL语句：update  T_EGC__SGP set _nSeatStatus=@_nSeatStatus,_vRecordUsers=@_vRecordUsers where _iNumber=@_iNumber
必须声明标量变量 "@_nSeatStatus"。
   在 System.Data.SqlClient.SqlConnection.OnError(SqlException exception, Boolean breakConnection, Action`1 wrapCloseInAction)
   在 System.Data.SqlClient.SqlInternalConnection.OnError(SqlException exception, Boolean breakConnection, Action`1 wrapCloseInAction)
   在 System.Data.SqlClient.TdsParser.ThrowExceptionAndWarning(TdsParserStateObject stateObj, Boolean callerHasConnectionLock, Boolean asyncClose)
   在 System.Data.SqlClient.TdsParser.TryRun(RunBehavior runBehavior, SqlCommand cmdHandler, SqlDataReader dataStream, BulkCopySimpleResultSet bulkCopyHandler, TdsParserStateObject stateObj, Boolean& dataReady)
   在 System.Data.SqlClient.SqlCommand.FinishExecuteReader(SqlDataReader ds, RunBehavior runBehavior, String resetOptionsString, Boolean isInternal, Boolean forDescribeParameterEncryption)
   在 System.Data.SqlClient.SqlCommand.RunExecuteReaderTds(CommandBehavior cmdBehavior, RunBehavior runBehavior, Boolean returnStream, Boolean async, Int32 timeout, Task& task, Boolean asyncWrite, Boolean inRetry, SqlDataReader ds, Boolean describeParameterEncryptionRequest)
   在 System.Data.SqlClient.SqlCommand.RunExecuteReader(CommandBehavior cmdBehavior, RunBehavior runBehavior, Boolean returnStream, String method, TaskCompletionSource`1 completion, Int32 timeout, Task& task, Boolean& usedCache, Boolean asyncWrite, Boolean inRetry)
   在 System.Data.SqlClient.SqlCommand.InternalExecuteNonQuery(TaskCompletionSource`1 completion, String methodName, Boolean sendToPipe, Int32 timeout, Boolean& usedCache, Boolean asyncWrite, Boolean inRetry)
   在 System.Data.SqlClient.SqlCommand.ExecuteNonQuery()
   在 ToolModule.SQLServerControlClass.ExecParamSQL(Int32 _ModeNum, String _SQLstr, SqlParameter[]& _SQLParams) 位置 D:\00.机台手游项目\PublicModule\ToolModule\通用数据库控制\SQLServerControlClass.vb:行号 86

Time :2016-12-2 15:25:33
Title:异常过程：ServerSocketClass.ReceiveData （循环处理接收的数据时）
未将对象引用设置到对象的实例。
   在 GameServer.LogicModule.UesrReceiveEvent(String _Tab, String _Data, UserClass& _User) 位置 C:\Users\Administrator\Desktop\GameServer\2.待开发代码区\LogicModule.vb:行号 875
   在 GameServer.ToListenClientClass.UesrReceiveAppEvent(String _Msgstr, ServerUserClass _SocketUser) 位置 C:\Users\Administrator\Desktop\GameServer\1.通用代码区（无需修改）\ToListenClientClass.vb:行号 67
   在 ToolModule.ServerSocketClass.ReceiveData(IAsyncResult _AsyncResult) 位置 D:\00.机台手游项目\PublicModule\ToolModule\通用Socket\ServerSocketClass.vb:行号 288

Time :2016-12-2 15:27:50
Title:查询异常：SQLServerControlClass.ExecParamSelect 1 
数据库：DB_ELECTRONGAMECONFIG
SQL语句：update  T_EGC__SGP set _nSeatStatus=@_nSeatStatus,_vRecordUsers=@_vRecordUsers where _iNumber=@_iNumber
必须声明标量变量 "@_nSeatStatus"。
   在 System.Data.SqlClient.SqlConnection.OnError(SqlException exception, Boolean breakConnection, Action`1 wrapCloseInAction)
   在 System.Data.SqlClient.SqlInternalConnection.OnError(SqlException exception, Boolean breakConnection, Action`1 wrapCloseInAction)
   在 System.Data.SqlClient.TdsParser.ThrowExceptionAndWarning(TdsParserStateObject stateObj, Boolean callerHasConnectionLock, Boolean asyncClose)
   在 System.Data.SqlClient.TdsParser.TryRun(RunBehavior runBehavior, SqlCommand cmdHandler, SqlDataReader dataStream, BulkCopySimpleResultSet bulkCopyHandler, TdsParserStateObject stateObj, Boolean& dataReady)
   在 System.Data.SqlClient.SqlCommand.FinishExecuteReader(SqlDataReader ds, RunBehavior runBehavior, String resetOptionsString, Boolean isInternal, Boolean forDescribeParameterEncryption)
   在 System.Data.SqlClient.SqlCommand.RunExecuteReaderTds(CommandBehavior cmdBehavior, RunBehavior runBehavior, Boolean returnStream, Boolean async, Int32 timeout, Task& task, Boolean asyncWrite, Boolean inRetry, SqlDataReader ds, Boolean describeParameterEncryptionRequest)
   在 System.Data.SqlClient.SqlCommand.RunExecuteReader(CommandBehavior cmdBehavior, RunBehavior runBehavior, Boolean returnStream, String method, TaskCompletionSource`1 completion, Int32 timeout, Task& task, Boolean& usedCache, Boolean asyncWrite, Boolean inRetry)
   在 System.Data.SqlClient.SqlCommand.InternalExecuteNonQuery(TaskCompletionSource`1 completion, String methodName, Boolean sendToPipe, Int32 timeout, Boolean& usedCache, Boolean asyncWrite, Boolean inRetry)
   在 System.Data.SqlClient.SqlCommand.ExecuteNonQuery()
   在 ToolModule.SQLServerControlClass.ExecParamSQL(Int32 _ModeNum, String _SQLstr, SqlParameter[]& _SQLParams) 位置 D:\00.机台手游项目\PublicModule\ToolModule\通用数据库控制\SQLServerControlClass.vb:行号 86

Time :2016-12-2 15:30:09
Title:查询异常：SQLServerControlClass.ExecParamSelect 1 
数据库：DB_ELECTRONGAMECONFIG
SQL语句：update  T_EGC__SGP set _nSeatStatus=@_nSeatStatus,_vRecordUsers=@_vRecordUsers where _iNumber=@_iNumber
必须声明标量变量 "@_nSeatStatus"。
   在 System.Data.SqlClient.SqlConnection.OnError(SqlException exception, Boolean breakConnection, Action`1 wrapCloseInAction)
   在 System.Data.SqlClient.SqlInternalConnection.OnError(SqlException exception, Boolean breakConnection, Action`1 wrapCloseInAction)
   在 System.Data.SqlClient.TdsParser.ThrowExceptionAndWarning(TdsParserStateObject stateObj, Boolean callerHasConnectionLock, Boolean asyncClose)
   在 System.Data.SqlClient.TdsParser.TryRun(RunBehavior runBehavior, SqlCommand cmdHandler, SqlDataReader dataStream, BulkCopySimpleResultSet bulkCopyHandler, TdsParserStateObject stateObj, Boolean& dataReady)
   在 System.Data.SqlClient.SqlCommand.FinishExecuteReader(SqlDataReader ds, RunBehavior runBehavior, String resetOptionsString, Boolean isInternal, Boolean forDescribeParameterEncryption)
   在 System.Data.SqlClient.SqlCommand.RunExecuteReaderTds(CommandBehavior cmdBehavior, RunBehavior runBehavior, Boolean returnStream, Boolean async, Int32 timeout, Task& task, Boolean asyncWrite, Boolean inRetry, SqlDataReader ds, Boolean describeParameterEncryptionRequest)
   在 System.Data.SqlClient.SqlCommand.RunExecuteReader(CommandBehavior cmdBehavior, RunBehavior runBehavior, Boolean returnStream, String method, TaskCompletionSource`1 completion, Int32 timeout, Task& task, Boolean& usedCache, Boolean asyncWrite, Boolean inRetry)
   在 System.Data.SqlClient.SqlCommand.InternalExecuteNonQuery(TaskCompletionSource`1 completion, String methodName, Boolean sendToPipe, Int32 timeout, Boolean& usedCache, Boolean asyncWrite, Boolean inRetry)
   在 System.Data.SqlClient.SqlCommand.ExecuteNonQuery()
   在 ToolModule.SQLServerControlClass.ExecParamSQL(Int32 _ModeNum, String _SQLstr, SqlParameter[]& _SQLParams) 位置 D:\00.机台手游项目\PublicModule\ToolModule\通用数据库控制\SQLServerControlClass.vb:行号 86

Time :2016-12-2 15:33:37
Title:执行过程：ServerSocketClass.StartListen(启动监听)

Time :2016-12-2 15:33:37
Title:执行过程：ClientSocketClass.StartConnect(启动连接)：

Time :2016-12-2 15:33:54
Title:查询异常：SQLServerControlClass.ExecParamSelect 1 
数据库：DB_ELECTRONGAMECONFIG
SQL语句：update  T_EGC__SGP set _nSeatStatus=@_nSeatStatus,_vRecordUsers=@_vRecordUsers where _iNumber=@_iNumber
必须声明标量变量 "@_nSeatStatus"。
   在 System.Data.SqlClient.SqlConnection.OnError(SqlException exception, Boolean breakConnection, Action`1 wrapCloseInAction)
   在 System.Data.SqlClient.SqlInternalConnection.OnError(SqlException exception, Boolean breakConnection, Action`1 wrapCloseInAction)
   在 System.Data.SqlClient.TdsParser.ThrowExceptionAndWarning(TdsParserStateObject stateObj, Boolean callerHasConnectionLock, Boolean asyncClose)
   在 System.Data.SqlClient.TdsParser.TryRun(RunBehavior runBehavior, SqlCommand cmdHandler, SqlDataReader dataStream, BulkCopySimpleResultSet bulkCopyHandler, TdsParserStateObject stateObj, Boolean& dataReady)
   在 System.Data.SqlClient.SqlCommand.FinishExecuteReader(SqlDataReader ds, RunBehavior runBehavior, String resetOptionsString, Boolean isInternal, Boolean forDescribeParameterEncryption)
   在 System.Data.SqlClient.SqlCommand.RunExecuteReaderTds(CommandBehavior cmdBehavior, RunBehavior runBehavior, Boolean returnStream, Boolean async, Int32 timeout, Task& task, Boolean asyncWrite, Boolean inRetry, SqlDataReader ds, Boolean describeParameterEncryptionRequest)
   在 System.Data.SqlClient.SqlCommand.RunExecuteReader(CommandBehavior cmdBehavior, RunBehavior runBehavior, Boolean returnStream, String method, TaskCompletionSource`1 completion, Int32 timeout, Task& task, Boolean& usedCache, Boolean asyncWrite, Boolean inRetry)
   在 System.Data.SqlClient.SqlCommand.InternalExecuteNonQuery(TaskCompletionSource`1 completion, String methodName, Boolean sendToPipe, Int32 timeout, Boolean& usedCache, Boolean asyncWrite, Boolean inRetry)
   在 System.Data.SqlClient.SqlCommand.ExecuteNonQuery()
   在 ToolModule.SQLServerControlClass.ExecParamSQL(Int32 _ModeNum, String _SQLstr, SqlParameter[]& _SQLParams) 位置 D:\00.机台手游项目\PublicModule\ToolModule\通用数据库控制\SQLServerControlClass.vb:行号 86

Time :2016-12-2 15:33:58
Title:查询异常：SQLServerControlClass.ExecParamSelect 1 
数据库：DB_ELECTRONGAMECONFIG
SQL语句：update  T_EGC__SGP set _nSeatStatus=@_nSeatStatus,_vRecordUsers=@_vRecordUsers where _iNumber=@_iNumber
必须声明标量变量 "@_nSeatStatus"。
   在 System.Data.SqlClient.SqlConnection.OnError(SqlException exception, Boolean breakConnection, Action`1 wrapCloseInAction)
   在 System.Data.SqlClient.SqlInternalConnection.OnError(SqlException exception, Boolean breakConnection, Action`1 wrapCloseInAction)
   在 System.Data.SqlClient.TdsParser.ThrowExceptionAndWarning(TdsParserStateObject stateObj, Boolean callerHasConnectionLock, Boolean asyncClose)
   在 System.Data.SqlClient.TdsParser.TryRun(RunBehavior runBehavior, SqlCommand cmdHandler, SqlDataReader dataStream, BulkCopySimpleResultSet bulkCopyHandler, TdsParserStateObject stateObj, Boolean& dataReady)
   在 System.Data.SqlClient.SqlCommand.FinishExecuteReader(SqlDataReader ds, RunBehavior runBehavior, String resetOptionsString, Boolean isInternal, Boolean forDescribeParameterEncryption)
   在 System.Data.SqlClient.SqlCommand.RunExecuteReaderTds(CommandBehavior cmdBehavior, RunBehavior runBehavior, Boolean returnStream, Boolean async, Int32 timeout, Task& task, Boolean asyncWrite, Boolean inRetry, SqlDataReader ds, Boolean describeParameterEncryptionRequest)
   在 System.Data.SqlClient.SqlCommand.RunExecuteReader(CommandBehavior cmdBehavior, RunBehavior runBehavior, Boolean returnStream, String method, TaskCompletionSource`1 completion, Int32 timeout, Task& task, Boolean& usedCache, Boolean asyncWrite, Boolean inRetry)
   在 System.Data.SqlClient.SqlCommand.InternalExecuteNonQuery(TaskCompletionSource`1 completion, String methodName, Boolean sendToPipe, Int32 timeout, Boolean& usedCache, Boolean asyncWrite, Boolean inRetry)
   在 System.Data.SqlClient.SqlCommand.ExecuteNonQuery()
   在 ToolModule.SQLServerControlClass.ExecParamSQL(Int32 _ModeNum, String _SQLstr, SqlParameter[]& _SQLParams) 位置 D:\00.机台手游项目\PublicModule\ToolModule\通用数据库控制\SQLServerControlClass.vb:行号 86

Time :2016-12-2 15:33:58
Title:异常过程：ServerSocketClass.ReceiveData （循环处理接收的数据时）
未将对象引用设置到对象的实例。
   在 GameServer.LogicModule.UesrReceiveEvent(String _Tab, String _Data, UserClass& _User) 位置 C:\Users\Administrator\Desktop\GameServer\2.待开发代码区\LogicModule.vb:行号 875
   在 GameServer.ToListenClientClass.UesrReceiveAppEvent(String _Msgstr, ServerUserClass _SocketUser) 位置 C:\Users\Administrator\Desktop\GameServer\1.通用代码区（无需修改）\ToListenClientClass.vb:行号 67
   在 ToolModule.ServerSocketClass.ReceiveData(IAsyncResult _AsyncResult) 位置 D:\00.机台手游项目\PublicModule\ToolModule\通用Socket\ServerSocketClass.vb:行号 288

Time :2016-12-2 15:36:15
Title:查询异常：SQLServerControlClass.ExecParamSelect 1 
数据库：DB_ELECTRONGAMECONFIG
SQL语句：update  T_EGC__SGP set _nSeatStatus=@_nSeatStatus,_vRecordUsers=@_vRecordUsers where _iNumber=@_iNumber
必须声明标量变量 "@_nSeatStatus"。
   在 System.Data.SqlClient.SqlConnection.OnError(SqlException exception, Boolean breakConnection, Action`1 wrapCloseInAction)
   在 System.Data.SqlClient.SqlInternalConnection.OnError(SqlException exception, Boolean breakConnection, Action`1 wrapCloseInAction)
   在 System.Data.SqlClient.TdsParser.ThrowExceptionAndWarning(TdsParserStateObject stateObj, Boolean callerHasConnectionLock, Boolean asyncClose)
   在 System.Data.SqlClient.TdsParser.TryRun(RunBehavior runBehavior, SqlCommand cmdHandler, SqlDataReader dataStream, BulkCopySimpleResultSet bulkCopyHandler, TdsParserStateObject stateObj, Boolean& dataReady)
   在 System.Data.SqlClient.SqlCommand.FinishExecuteReader(SqlDataReader ds, RunBehavior runBehavior, String resetOptionsString, Boolean isInternal, Boolean forDescribeParameterEncryption)
   在 System.Data.SqlClient.SqlCommand.RunExecuteReaderTds(CommandBehavior cmdBehavior, RunBehavior runBehavior, Boolean returnStream, Boolean async, Int32 timeout, Task& task, Boolean asyncWrite, Boolean inRetry, SqlDataReader ds, Boolean describeParameterEncryptionRequest)
   在 System.Data.SqlClient.SqlCommand.RunExecuteReader(CommandBehavior cmdBehavior, RunBehavior runBehavior, Boolean returnStream, String method, TaskCompletionSource`1 completion, Int32 timeout, Task& task, Boolean& usedCache, Boolean asyncWrite, Boolean inRetry)
   在 System.Data.SqlClient.SqlCommand.InternalExecuteNonQuery(TaskCompletionSource`1 completion, String methodName, Boolean sendToPipe, Int32 timeout, Boolean& usedCache, Boolean asyncWrite, Boolean inRetry)
   在 System.Data.SqlClient.SqlCommand.ExecuteNonQuery()
   在 ToolModule.SQLServerControlClass.ExecParamSQL(Int32 _ModeNum, String _SQLstr, SqlParameter[]& _SQLParams) 位置 D:\00.机台手游项目\PublicModule\ToolModule\通用数据库控制\SQLServerControlClass.vb:行号 86

Time :2016-12-2 15:37:58
Title:查询异常：SQLServerControlClass.ExecParamSelect 1 
数据库：DB_ELECTRONGAMECONFIG
SQL语句：update  T_EGC__SGP set _nSeatStatus=@_nSeatStatus,_vRecordUsers=@_vRecordUsers where _iNumber=@_iNumber
必须声明标量变量 "@_nSeatStatus"。
   在 System.Data.SqlClient.SqlConnection.OnError(SqlException exception, Boolean breakConnection, Action`1 wrapCloseInAction)
   在 System.Data.SqlClient.SqlInternalConnection.OnError(SqlException exception, Boolean breakConnection, Action`1 wrapCloseInAction)
   在 System.Data.SqlClient.TdsParser.ThrowExceptionAndWarning(TdsParserStateObject stateObj, Boolean callerHasConnectionLock, Boolean asyncClose)
   在 System.Data.SqlClient.TdsParser.TryRun(RunBehavior runBehavior, SqlCommand cmdHandler, SqlDataReader dataStream, BulkCopySimpleResultSet bulkCopyHandler, TdsParserStateObject stateObj, Boolean& dataReady)
   在 System.Data.SqlClient.SqlCommand.FinishExecuteReader(SqlDataReader ds, RunBehavior runBehavior, String resetOptionsString, Boolean isInternal, Boolean forDescribeParameterEncryption)
   在 System.Data.SqlClient.SqlCommand.RunExecuteReaderTds(CommandBehavior cmdBehavior, RunBehavior runBehavior, Boolean returnStream, Boolean async, Int32 timeout, Task& task, Boolean asyncWrite, Boolean inRetry, SqlDataReader ds, Boolean describeParameterEncryptionRequest)
   在 System.Data.SqlClient.SqlCommand.RunExecuteReader(CommandBehavior cmdBehavior, RunBehavior runBehavior, Boolean returnStream, String method, TaskCompletionSource`1 completion, Int32 timeout, Task& task, Boolean& usedCache, Boolean asyncWrite, Boolean inRetry)
   在 System.Data.SqlClient.SqlCommand.InternalExecuteNonQuery(TaskCompletionSource`1 completion, String methodName, Boolean sendToPipe, Int32 timeout, Boolean& usedCache, Boolean asyncWrite, Boolean inRetry)
   在 System.Data.SqlClient.SqlCommand.ExecuteNonQuery()
   在 ToolModule.SQLServerControlClass.ExecParamSQL(Int32 _ModeNum, String _SQLstr, SqlParameter[]& _SQLParams) 位置 D:\00.机台手游项目\PublicModule\ToolModule\通用数据库控制\SQLServerControlClass.vb:行号 86

Time :2016-12-2 15:37:58
Title:异常过程：ServerSocketClass.ReceiveData （循环处理接收的数据时）
未将对象引用设置到对象的实例。
   在 GameServer.LogicModule.UesrReceiveEvent(String _Tab, String _Data, UserClass& _User) 位置 C:\Users\Administrator\Desktop\GameServer\2.待开发代码区\LogicModule.vb:行号 875
   在 GameServer.ToListenClientClass.UesrReceiveAppEvent(String _Msgstr, ServerUserClass _SocketUser) 位置 C:\Users\Administrator\Desktop\GameServer\1.通用代码区（无需修改）\ToListenClientClass.vb:行号 67
   在 ToolModule.ServerSocketClass.ReceiveData(IAsyncResult _AsyncResult) 位置 D:\00.机台手游项目\PublicModule\ToolModule\通用Socket\ServerSocketClass.vb:行号 288

Time :2016-12-2 15:39:06
Title:执行过程：ServerSocketClass.StartListen(启动监听)

Time :2016-12-2 15:39:06
Title:执行过程：ClientSocketClass.StartConnect(启动连接)：

Time :2016-12-2 15:39:21
Title:查询异常：SQLServerControlClass.ExecParamSelect 1 
数据库：DB_ELECTRONGAMECONFIG
SQL语句：update  T_EGC__SGP set _nSeatStatus=@_nSeatStatus,_vRecordUsers=@_vRecordUsers where _iNumber=@_iNumber
必须声明标量变量 "@_nSeatStatus"。
   在 System.Data.SqlClient.SqlConnection.OnError(SqlException exception, Boolean breakConnection, Action`1 wrapCloseInAction)
   在 System.Data.SqlClient.SqlInternalConnection.OnError(SqlException exception, Boolean breakConnection, Action`1 wrapCloseInAction)
   在 System.Data.SqlClient.TdsParser.ThrowExceptionAndWarning(TdsParserStateObject stateObj, Boolean callerHasConnectionLock, Boolean asyncClose)
   在 System.Data.SqlClient.TdsParser.TryRun(RunBehavior runBehavior, SqlCommand cmdHandler, SqlDataReader dataStream, BulkCopySimpleResultSet bulkCopyHandler, TdsParserStateObject stateObj, Boolean& dataReady)
   在 System.Data.SqlClient.SqlCommand.FinishExecuteReader(SqlDataReader ds, RunBehavior runBehavior, String resetOptionsString, Boolean isInternal, Boolean forDescribeParameterEncryption)
   在 System.Data.SqlClient.SqlCommand.RunExecuteReaderTds(CommandBehavior cmdBehavior, RunBehavior runBehavior, Boolean returnStream, Boolean async, Int32 timeout, Task& task, Boolean asyncWrite, Boolean inRetry, SqlDataReader ds, Boolean describeParameterEncryptionRequest)
   在 System.Data.SqlClient.SqlCommand.RunExecuteReader(CommandBehavior cmdBehavior, RunBehavior runBehavior, Boolean returnStream, String method, TaskCompletionSource`1 completion, Int32 timeout, Task& task, Boolean& usedCache, Boolean asyncWrite, Boolean inRetry)
   在 System.Data.SqlClient.SqlCommand.InternalExecuteNonQuery(TaskCompletionSource`1 completion, String methodName, Boolean sendToPipe, Int32 timeout, Boolean& usedCache, Boolean asyncWrite, Boolean inRetry)
   在 System.Data.SqlClient.SqlCommand.ExecuteNonQuery()
   在 ToolModule.SQLServerControlClass.ExecParamSQL(Int32 _ModeNum, String _SQLstr, SqlParameter[]& _SQLParams) 位置 D:\00.机台手游项目\PublicModule\ToolModule\通用数据库控制\SQLServerControlClass.vb:行号 86

Time :2016-12-2 15:39:22
Title:查询异常：SQLServerControlClass.ExecParamSelect 1 
数据库：DB_ELECTRONGAMECONFIG
SQL语句：update  T_EGC__SGP set _nSeatStatus=@_nSeatStatus,_vRecordUsers=@_vRecordUsers where _iNumber=@_iNumber
必须声明标量变量 "@_nSeatStatus"。
   在 System.Data.SqlClient.SqlConnection.OnError(SqlException exception, Boolean breakConnection, Action`1 wrapCloseInAction)
   在 System.Data.SqlClient.SqlInternalConnection.OnError(SqlException exception, Boolean breakConnection, Action`1 wrapCloseInAction)
   在 System.Data.SqlClient.TdsParser.ThrowExceptionAndWarning(TdsParserStateObject stateObj, Boolean callerHasConnectionLock, Boolean asyncClose)
   在 System.Data.SqlClient.TdsParser.TryRun(RunBehavior runBehavior, SqlCommand cmdHandler, SqlDataReader dataStream, BulkCopySimpleResultSet bulkCopyHandler, TdsParserStateObject stateObj, Boolean& dataReady)
   在 System.Data.SqlClient.SqlCommand.FinishExecuteReader(SqlDataReader ds, RunBehavior runBehavior, String resetOptionsString, Boolean isInternal, Boolean forDescribeParameterEncryption)
   在 System.Data.SqlClient.SqlCommand.RunExecuteReaderTds(CommandBehavior cmdBehavior, RunBehavior runBehavior, Boolean returnStream, Boolean async, Int32 timeout, Task& task, Boolean asyncWrite, Boolean inRetry, SqlDataReader ds, Boolean describeParameterEncryptionRequest)
   在 System.Data.SqlClient.SqlCommand.RunExecuteReader(CommandBehavior cmdBehavior, RunBehavior runBehavior, Boolean returnStream, String method, TaskCompletionSource`1 completion, Int32 timeout, Task& task, Boolean& usedCache, Boolean asyncWrite, Boolean inRetry)
   在 System.Data.SqlClient.SqlCommand.InternalExecuteNonQuery(TaskCompletionSource`1 completion, String methodName, Boolean sendToPipe, Int32 timeout, Boolean& usedCache, Boolean asyncWrite, Boolean inRetry)
   在 System.Data.SqlClient.SqlCommand.ExecuteNonQuery()
   在 ToolModule.SQLServerControlClass.ExecParamSQL(Int32 _ModeNum, String _SQLstr, SqlParameter[]& _SQLParams) 位置 D:\00.机台手游项目\PublicModule\ToolModule\通用数据库控制\SQLServerControlClass.vb:行号 86

Time :2016-12-2 15:39:22
Title:异常过程：ServerSocketClass.ReceiveData （循环处理接收的数据时）
未将对象引用设置到对象的实例。
   在 GameServer.LogicModule.UesrReceiveEvent(String _Tab, String _Data, UserClass& _User) 位置 C:\Users\Administrator\Desktop\GameServer\2.待开发代码区\LogicModule.vb:行号 875
   在 GameServer.ToListenClientClass.UesrReceiveAppEvent(String _Msgstr, ServerUserClass _SocketUser) 位置 C:\Users\Administrator\Desktop\GameServer\1.通用代码区（无需修改）\ToListenClientClass.vb:行号 67
   在 ToolModule.ServerSocketClass.ReceiveData(IAsyncResult _AsyncResult) 位置 D:\00.机台手游项目\PublicModule\ToolModule\通用Socket\ServerSocketClass.vb:行号 288

Time :2016-12-2 15:53:13
Title:执行过程：ServerSocketClass.StartListen(启动监听)

Time :2016-12-2 15:53:13
Title:执行过程：ClientSocketClass.StartConnect(启动连接)：

Time :2016-12-2 15:53:20
Title:查询异常：SQLServerControlClass.ExecParamSelect 1 
数据库：DB_ELECTRONGAMECONFIG
SQL语句：update  T_EGC__SGP set _nSeatStatus=@_nSeatStatus,_vRecordUsers=@_vRecordUsers where _iNumber=@_iNumber
必须声明标量变量 "@_nSeatStatus"。
   在 System.Data.SqlClient.SqlConnection.OnError(SqlException exception, Boolean breakConnection, Action`1 wrapCloseInAction)
   在 System.Data.SqlClient.SqlInternalConnection.OnError(SqlException exception, Boolean breakConnection, Action`1 wrapCloseInAction)
   在 System.Data.SqlClient.TdsParser.ThrowExceptionAndWarning(TdsParserStateObject stateObj, Boolean callerHasConnectionLock, Boolean asyncClose)
   在 System.Data.SqlClient.TdsParser.TryRun(RunBehavior runBehavior, SqlCommand cmdHandler, SqlDataReader dataStream, BulkCopySimpleResultSet bulkCopyHandler, TdsParserStateObject stateObj, Boolean& dataReady)
   在 System.Data.SqlClient.SqlCommand.FinishExecuteReader(SqlDataReader ds, RunBehavior runBehavior, String resetOptionsString, Boolean isInternal, Boolean forDescribeParameterEncryption)
   在 System.Data.SqlClient.SqlCommand.RunExecuteReaderTds(CommandBehavior cmdBehavior, RunBehavior runBehavior, Boolean returnStream, Boolean async, Int32 timeout, Task& task, Boolean asyncWrite, Boolean inRetry, SqlDataReader ds, Boolean describeParameterEncryptionRequest)
   在 System.Data.SqlClient.SqlCommand.RunExecuteReader(CommandBehavior cmdBehavior, RunBehavior runBehavior, Boolean returnStream, String method, TaskCompletionSource`1 completion, Int32 timeout, Task& task, Boolean& usedCache, Boolean asyncWrite, Boolean inRetry)
   在 System.Data.SqlClient.SqlCommand.InternalExecuteNonQuery(TaskCompletionSource`1 completion, String methodName, Boolean sendToPipe, Int32 timeout, Boolean& usedCache, Boolean asyncWrite, Boolean inRetry)
   在 System.Data.SqlClient.SqlCommand.ExecuteNonQuery()
   在 ToolModule.SQLServerControlClass.ExecParamSQL(Int32 _ModeNum, String _SQLstr, SqlParameter[]& _SQLParams) 位置 D:\00.机台手游项目\PublicModule\ToolModule\通用数据库控制\SQLServerControlClass.vb:行号 86