

Time :2016-12-10 11:04:52
Title:GameLogicModule->UpdateOverAllNum方法-> 更新数据库中的f_Winning时发生错误<BR>未找到类型“Object”的默认成员。<BR>   在 Microsoft.VisualBasic.CompilerServices.Symbols.Container.GetMembers(String& MemberName, Boolean ReportErrors)
   在 Microsoft.VisualBasic.CompilerServices.NewLateBinding.CallMethod(Container BaseReference, String MethodName, Object[] Arguments, String[] ArgumentNames, Type[] TypeArguments, Boolean[] CopyBack, BindingFlags InvocationFlags, Boolean ReportErrors, ResolutionFailure& Failure)
   在 Microsoft.VisualBasic.CompilerServices.NewLateBinding.InternalLateIndexGet(Object Instance, Object[] Arguments, String[] ArgumentNames, Boolean ReportErrors, ResolutionFailure& Failure, Boolean[] CopyBack)
   在 Microsoft.VisualBasic.CompilerServices.NewLateBinding.ObjectLateInvokeDefault(Object Instance, Object[] Arguments, String[] ArgumentNames, Boolean ReportErrors, Boolean[] CopyBack)
   在 Microsoft.VisualBasic.CompilerServices.NewLateBinding.LateIndexGet(Object Instance, Object[] Arguments, String[] ArgumentNames)
   在 GameServer.LogicModule.UpdateOverAllNum(Int32 _Zone, Int32 _Number) 位置 D:\游戏服务器框架\水果盘(服务器)框架更新版本61206\2.待开发代码区\LogicModule.vb:行号 2600

Time :2016-12-10 11:09:56
Title:GameLogicModule->UpdateOverAllNum方法-> 更新数据库中的f_Winning时发生错误<BR>未找到类型“Object”的默认成员。<BR>   在 Microsoft.VisualBasic.CompilerServices.Symbols.Container.GetMembers(String& MemberName, Boolean ReportErrors)
   在 Microsoft.VisualBasic.CompilerServices.NewLateBinding.CallMethod(Container BaseReference, String MethodName, Object[] Arguments, String[] ArgumentNames, Type[] TypeArguments, Boolean[] CopyBack, BindingFlags InvocationFlags, Boolean ReportErrors, ResolutionFailure& Failure)
   在 Microsoft.VisualBasic.CompilerServices.NewLateBinding.InternalLateIndexGet(Object Instance, Object[] Arguments, String[] ArgumentNames, Boolean ReportErrors, ResolutionFailure& Failure, Boolean[] CopyBack)
   在 Microsoft.VisualBasic.CompilerServices.NewLateBinding.ObjectLateInvokeDefault(Object Instance, Object[] Arguments, String[] ArgumentNames, Boolean ReportErrors, Boolean[] CopyBack)
   在 Microsoft.VisualBasic.CompilerServices.NewLateBinding.LateIndexGet(Object Instance, Object[] Arguments, String[] ArgumentNames)
   在 GameServer.LogicModule.UpdateOverAllNum(Int32 _Zone, Int32 _Number) 位置 D:\游戏服务器框架\水果盘(服务器)框架更新版本61206\2.待开发代码区\LogicModule.vb:行号 2600

Time :2016-12-10 11:11:01
Title:GameLogicModule->UpdateOverAllNum方法-> 更新数据库中的f_Winning时发生错误<BR>未找到类型“Object”的默认成员。<BR>   在 Microsoft.VisualBasic.CompilerServices.Symbols.Container.GetMembers(String& MemberName, Boolean ReportErrors)
   在 Microsoft.VisualBasic.CompilerServices.NewLateBinding.CallMethod(Container BaseReference, String MethodName, Object[] Arguments, String[] ArgumentNames, Type[] TypeArguments, Boolean[] CopyBack, BindingFlags InvocationFlags, Boolean ReportErrors, ResolutionFailure& Failure)
   在 Microsoft.VisualBasic.CompilerServices.NewLateBinding.InternalLateIndexGet(Object Instance, Object[] Arguments, String[] ArgumentNames, Boolean ReportErrors, ResolutionFailure& Failure, Boolean[] CopyBack)
   在 Microsoft.VisualBasic.CompilerServices.NewLateBinding.ObjectLateInvokeDefault(Object Instance, Object[] Arguments, String[] ArgumentNames, Boolean ReportErrors, Boolean[] CopyBack)
   在 Microsoft.VisualBasic.CompilerServices.NewLateBinding.LateIndexGet(Object Instance, Object[] Arguments, String[] ArgumentNames)
   在 GameServer.LogicModule.UpdateOverAllNum(Int32 _Zone, Int32 _Number) 位置 D:\游戏服务器框架\水果盘(服务器)框架更新版本61206\2.待开发代码区\LogicModule.vb:行号 2600

Time :2016-12-10 11:43:58
Title:GameLogicModule->UpdateOverAllNum方法-> 更新数据库中的f_Winning时发生错误<BR>未找到类型“Object”的默认成员。<BR>   在 Microsoft.VisualBasic.CompilerServices.Symbols.Container.GetMembers(String& MemberName, Boolean ReportErrors)
   在 Microsoft.VisualBasic.CompilerServices.NewLateBinding.CallMethod(Container BaseReference, String MethodName, Object[] Arguments, String[] ArgumentNames, Type[] TypeArguments, Boolean[] CopyBack, BindingFlags InvocationFlags, Boolean ReportErrors, ResolutionFailure& Failure)
   在 Microsoft.VisualBasic.CompilerServices.NewLateBinding.InternalLateIndexGet(Object Instance, Object[] Arguments, String[] ArgumentNames, Boolean ReportErrors, ResolutionFailure& Failure, Boolean[] CopyBack)
   在 Microsoft.VisualBasic.CompilerServices.NewLateBinding.ObjectLateInvokeDefault(Object Instance, Object[] Arguments, String[] ArgumentNames, Boolean ReportErrors, Boolean[] CopyBack)
   在 Microsoft.VisualBasic.CompilerServices.NewLateBinding.LateIndexGet(Object Instance, Object[] Arguments, String[] ArgumentNames)
   在 GameServer.LogicModule.UpdateOverAllNum(Int32 _Zone, Int32 _Number) 位置 D:\游戏服务器框架\水果盘(服务器)框架更新版本61206\2.待开发代码区\LogicModule.vb:行号 2592

Time :2016-12-10 11:44:56
Title:GameLogicModule->UpdateOverAllNum方法-> 更新数据库中的f_Winning时发生错误<BR>未找到类型“Object”的默认成员。<BR>   在 Microsoft.VisualBasic.CompilerServices.Symbols.Container.GetMembers(String& MemberName, Boolean ReportErrors)
   在 Microsoft.VisualBasic.CompilerServices.NewLateBinding.CallMethod(Container BaseReference, String MethodName, Object[] Arguments, String[] ArgumentNames, Type[] TypeArguments, Boolean[] CopyBack, BindingFlags InvocationFlags, Boolean ReportErrors, ResolutionFailure& Failure)
   在 Microsoft.VisualBasic.CompilerServices.NewLateBinding.InternalLateIndexGet(Object Instance, Object[] Arguments, String[] ArgumentNames, Boolean ReportErrors, ResolutionFailure& Failure, Boolean[] CopyBack)
   在 Microsoft.VisualBasic.CompilerServices.NewLateBinding.ObjectLateInvokeDefault(Object Instance, Object[] Arguments, String[] ArgumentNames, Boolean ReportErrors, Boolean[] CopyBack)
   在 Microsoft.VisualBasic.CompilerServices.NewLateBinding.LateIndexGet(Object Instance, Object[] Arguments, String[] ArgumentNames)
   在 GameServer.LogicModule.UpdateOverAllNum(Int32 _Zone, Int32 _Number) 位置 D:\游戏服务器框架\水果盘(服务器)框架更新版本61206\2.待开发代码区\LogicModule.vb:行号 2592

Time :2016-12-10 13:24:25
Title:GameLogicModule->UpdateOverAllNum方法-> 更新数据库中的f_Winning时发生错误<BR>未找到类型“Object”的默认成员。<BR>   在 Microsoft.VisualBasic.CompilerServices.Symbols.Container.GetMembers(String& MemberName, Boolean ReportErrors)
   在 Microsoft.VisualBasic.CompilerServices.NewLateBinding.CallMethod(Container BaseReference, String MethodName, Object[] Arguments, String[] ArgumentNames, Type[] TypeArguments, Boolean[] CopyBack, BindingFlags InvocationFlags, Boolean ReportErrors, ResolutionFailure& Failure)
   在 Microsoft.VisualBasic.CompilerServices.NewLateBinding.InternalLateIndexGet(Object Instance, Object[] Arguments, String[] ArgumentNames, Boolean ReportErrors, ResolutionFailure& Failure, Boolean[] CopyBack)
   在 Microsoft.VisualBasic.CompilerServices.NewLateBinding.ObjectLateInvokeDefault(Object Instance, Object[] Arguments, String[] ArgumentNames, Boolean ReportErrors, Boolean[] CopyBack)
   在 Microsoft.VisualBasic.CompilerServices.NewLateBinding.LateIndexGet(Object Instance, Object[] Arguments, String[] ArgumentNames)
   在 GameServer.LogicModule.UpdateOverAllNum(Int32 _Zone, Int32 _Number) 位置 D:\游戏服务器框架\水果盘(服务器)框架更新版本61206\2.待开发代码区\LogicModule.vb:行号 2593

Time :2016-12-10 13:25:48
Title:GameLogicModule->UpdateOverAllNum方法-> 更新数据库中的f_Winning时发生错误<BR>未找到类型“Object”的默认成员。<BR>   在 Microsoft.VisualBasic.CompilerServices.Symbols.Container.GetMembers(String& MemberName, Boolean ReportErrors)
   在 Microsoft.VisualBasic.CompilerServices.NewLateBinding.CallMethod(Container BaseReference, String MethodName, Object[] Arguments, String[] ArgumentNames, Type[] TypeArguments, Boolean[] CopyBack, BindingFlags InvocationFlags, Boolean ReportErrors, ResolutionFailure& Failure)
   在 Microsoft.VisualBasic.CompilerServices.NewLateBinding.InternalLateIndexGet(Object Instance, Object[] Arguments, String[] ArgumentNames, Boolean ReportErrors, ResolutionFailure& Failure, Boolean[] CopyBack)
   在 Microsoft.VisualBasic.CompilerServices.NewLateBinding.ObjectLateInvokeDefault(Object Instance, Object[] Arguments, String[] ArgumentNames, Boolean ReportErrors, Boolean[] CopyBack)
   在 Microsoft.VisualBasic.CompilerServices.NewLateBinding.LateIndexGet(Object Instance, Object[] Arguments, String[] ArgumentNames)
   在 GameServer.LogicModule.UpdateOverAllNum(Int32 _Zone, Int32 _Number) 位置 D:\游戏服务器框架\水果盘(服务器)框架更新版本61206\2.待开发代码区\LogicModule.vb:行号 2593

Time :2016-12-10 13:27:00
Title:GameLogicModule->UpdateOverAllNum方法-> 更新数据库中的f_Winning时发生错误<BR>未找到类型“Object”的默认成员。<BR>   在 Microsoft.VisualBasic.CompilerServices.Symbols.Container.GetMembers(String& MemberName, Boolean ReportErrors)
   在 Microsoft.VisualBasic.CompilerServices.NewLateBinding.CallMethod(Container BaseReference, String MethodName, Object[] Arguments, String[] ArgumentNames, Type[] TypeArguments, Boolean[] CopyBack, BindingFlags InvocationFlags, Boolean ReportErrors, ResolutionFailure& Failure)
   在 Microsoft.VisualBasic.CompilerServices.NewLateBinding.InternalLateIndexGet(Object Instance, Object[] Arguments, String[] ArgumentNames, Boolean ReportErrors, ResolutionFailure& Failure, Boolean[] CopyBack)
   在 Microsoft.VisualBasic.CompilerServices.NewLateBinding.ObjectLateInvokeDefault(Object Instance, Object[] Arguments, String[] ArgumentNames, Boolean ReportErrors, Boolean[] CopyBack)
   在 Microsoft.VisualBasic.CompilerServices.NewLateBinding.LateIndexGet(Object Instance, Object[] Arguments, String[] ArgumentNames)
   在 GameServer.LogicModule.UpdateOverAllNum(Int32 _Zone, Int32 _Number) 位置 D:\游戏服务器框架\水果盘(服务器)框架更新版本61206\2.待开发代码区\LogicModule.vb:行号 2593

Time :2016-12-10 13:29:46
Title:GameLogicModule->UpdateOverAllNum方法-> 更新数据库中的f_Winning时发生错误<BR>未找到类型“Object”的默认成员。<BR>   在 Microsoft.VisualBasic.CompilerServices.Symbols.Container.GetMembers(String& MemberName, Boolean ReportErrors)
   在 Microsoft.VisualBasic.CompilerServices.NewLateBinding.CallMethod(Container BaseReference, String MethodName, Object[] Arguments, String[] ArgumentNames, Type[] TypeArguments, Boolean[] CopyBack, BindingFlags InvocationFlags, Boolean ReportErrors, ResolutionFailure& Failure)
   在 Microsoft.VisualBasic.CompilerServices.NewLateBinding.InternalLateIndexGet(Object Instance, Object[] Arguments, String[] ArgumentNames, Boolean ReportErrors, ResolutionFailure& Failure, Boolean[] CopyBack)
   在 Microsoft.VisualBasic.CompilerServices.NewLateBinding.ObjectLateInvokeDefault(Object Instance, Object[] Arguments, String[] ArgumentNames, Boolean ReportErrors, Boolean[] CopyBack)
   在 Microsoft.VisualBasic.CompilerServices.NewLateBinding.LateIndexGet(Object Instance, Object[] Arguments, String[] ArgumentNames)
   在 GameServer.LogicModule.UpdateOverAllNum(Int32 _Zone, Int32 _Number) 位置 D:\游戏服务器框架\水果盘(服务器)框架更新版本61206\2.待开发代码区\LogicModule.vb:行号 2593

Time :2016-12-10 13:30:56
Title:GameLogicModule->UpdateOverAllNum方法-> 更新数据库中的f_Winning时发生错误<BR>未找到类型“Object”的默认成员。<BR>   在 Microsoft.VisualBasic.CompilerServices.Symbols.Container.GetMembers(String& MemberName, Boolean ReportErrors)
   在 Microsoft.VisualBasic.CompilerServices.NewLateBinding.CallMethod(Container BaseReference, String MethodName, Object[] Arguments, String[] ArgumentNames, Type[] TypeArguments, Boolean[] CopyBack, BindingFlags InvocationFlags, Boolean ReportErrors, ResolutionFailure& Failure)
   在 Microsoft.VisualBasic.CompilerServices.NewLateBinding.InternalLateIndexGet(Object Instance, Object[] Arguments, String[] ArgumentNames, Boolean ReportErrors, ResolutionFailure& Failure, Boolean[] CopyBack)
   在 Microsoft.VisualBasic.CompilerServices.NewLateBinding.ObjectLateInvokeDefault(Object Instance, Object[] Arguments, String[] ArgumentNames, Boolean ReportErrors, Boolean[] CopyBack)
   在 Microsoft.VisualBasic.CompilerServices.NewLateBinding.LateIndexGet(Object Instance, Object[] Arguments, String[] ArgumentNames)
   在 GameServer.LogicModule.UpdateOverAllNum(Int32 _Zone, Int32 _Number) 位置 D:\游戏服务器框架\水果盘(服务器)框架更新版本61206\2.待开发代码区\LogicModule.vb:行号 2593

Time :2016-12-10 13:33:54
Title:GameLogicModule->UpdateOverAllNum方法-> 更新数据库中的f_Winning时发生错误<BR>未找到类型“Object”的默认成员。<BR>   在 Microsoft.VisualBasic.CompilerServices.Symbols.Container.GetMembers(String& MemberName, Boolean ReportErrors)
   在 Microsoft.VisualBasic.CompilerServices.NewLateBinding.CallMethod(Container BaseReference, String MethodName, Object[] Arguments, String[] ArgumentNames, Type[] TypeArguments, Boolean[] CopyBack, BindingFlags InvocationFlags, Boolean ReportErrors, ResolutionFailure& Failure)
   在 Microsoft.VisualBasic.CompilerServices.NewLateBinding.InternalLateIndexGet(Object Instance, Object[] Arguments, String[] ArgumentNames, Boolean ReportErrors, ResolutionFailure& Failure, Boolean[] CopyBack)
   在 Microsoft.VisualBasic.CompilerServices.NewLateBinding.ObjectLateInvokeDefault(Object Instance, Object[] Arguments, String[] ArgumentNames, Boolean ReportErrors, Boolean[] CopyBack)
   在 Microsoft.VisualBasic.CompilerServices.NewLateBinding.LateIndexGet(Object Instance, Object[] Arguments, String[] ArgumentNames)
   在 GameServer.LogicModule.UpdateOverAllNum(Int32 _Zone, Int32 _Number) 位置 D:\游戏服务器框架\水果盘(服务器)框架更新版本61206\2.待开发代码区\LogicModule.vb:行号 2594

Time :2016-12-10 13:43:06
Title:GameLogicModule->UpdateOverAllNum方法-> 更新数据库中的f_Winning时发生错误<BR>未找到类型“Object”的默认成员。<BR>   在 Microsoft.VisualBasic.CompilerServices.Symbols.Container.GetMembers(String& MemberName, Boolean ReportErrors)
   在 Microsoft.VisualBasic.CompilerServices.NewLateBinding.CallMethod(Container BaseReference, String MethodName, Object[] Arguments, String[] ArgumentNames, Type[] TypeArguments, Boolean[] CopyBack, BindingFlags InvocationFlags, Boolean ReportErrors, ResolutionFailure& Failure)
   在 Microsoft.VisualBasic.CompilerServices.NewLateBinding.InternalLateIndexGet(Object Instance, Object[] Arguments, String[] ArgumentNames, Boolean ReportErrors, ResolutionFailure& Failure, Boolean[] CopyBack)
   在 Microsoft.VisualBasic.CompilerServices.NewLateBinding.ObjectLateInvokeDefault(Object Instance, Object[] Arguments, String[] ArgumentNames, Boolean ReportErrors, Boolean[] CopyBack)
   在 Microsoft.VisualBasic.CompilerServices.NewLateBinding.LateIndexGet(Object Instance, Object[] Arguments, String[] ArgumentNames)
   在 GameServer.LogicModule.UpdateOverAllNum(Int32 _Zone, Int32 _Number) 位置 D:\游戏服务器框架\水果盘(服务器)框架更新版本61206\2.待开发代码区\LogicModule.vb:行号 2595

Time :2016-12-10 13:45:10
Title:GameLogicModule->UpdateOverAllNum方法-> 更新数据库中的f_Winning时发生错误<BR>未找到类型“Object”的默认成员。<BR>   在 Microsoft.VisualBasic.CompilerServices.Symbols.Container.GetMembers(String& MemberName, Boolean ReportErrors)
   在 Microsoft.VisualBasic.CompilerServices.NewLateBinding.CallMethod(Container BaseReference, String MethodName, Object[] Arguments, String[] ArgumentNames, Type[] TypeArguments, Boolean[] CopyBack, BindingFlags InvocationFlags, Boolean ReportErrors, ResolutionFailure& Failure)
   在 Microsoft.VisualBasic.CompilerServices.NewLateBinding.InternalLateIndexGet(Object Instance, Object[] Arguments, String[] ArgumentNames, Boolean ReportErrors, ResolutionFailure& Failure, Boolean[] CopyBack)
   在 Microsoft.VisualBasic.CompilerServices.NewLateBinding.ObjectLateInvokeDefault(Object Instance, Object[] Arguments, String[] ArgumentNames, Boolean ReportErrors, Boolean[] CopyBack)
   在 Microsoft.VisualBasic.CompilerServices.NewLateBinding.LateIndexGet(Object Instance, Object[] Arguments, String[] ArgumentNames)
   在 GameServer.LogicModule.UpdateOverAllNum(Int32 _Zone, Int32 _Number) 位置 D:\游戏服务器框架\水果盘(服务器)框架更新版本61206\2.待开发代码区\LogicModule.vb:行号 2595

Time :2016-12-10 13:46:29
Title:GameLogicModule->UpdateOverAllNum方法-> 更新数据库中的f_Winning时发生错误<BR>未找到类型“Object”的默认成员。<BR>   在 Microsoft.VisualBasic.CompilerServices.Symbols.Container.GetMembers(String& MemberName, Boolean ReportErrors)
   在 Microsoft.VisualBasic.CompilerServices.NewLateBinding.CallMethod(Container BaseReference, String MethodName, Object[] Arguments, String[] ArgumentNames, Type[] TypeArguments, Boolean[] CopyBack, BindingFlags InvocationFlags, Boolean ReportErrors, ResolutionFailure& Failure)
   在 Microsoft.VisualBasic.CompilerServices.NewLateBinding.InternalLateIndexGet(Object Instance, Object[] Arguments, String[] ArgumentNames, Boolean ReportErrors, ResolutionFailure& Failure, Boolean[] CopyBack)
   在 Microsoft.VisualBasic.CompilerServices.NewLateBinding.ObjectLateInvokeDefault(Object Instance, Object[] Arguments, String[] ArgumentNames, Boolean ReportErrors, Boolean[] CopyBack)
   在 Microsoft.VisualBasic.CompilerServices.NewLateBinding.LateIndexGet(Object Instance, Object[] Arguments, String[] ArgumentNames)
   在 GameServer.LogicModule.UpdateOverAllNum(Int32 _Zone, Int32 _Number) 位置 D:\游戏服务器框架\水果盘(服务器)框架更新版本61206\2.待开发代码区\LogicModule.vb:行号 2595

Time :2016-12-10 14:01:44
Title:GameLogicModule->UpdateOverAllNum方法-> 更新数据库中的f_Winning时发生错误<BR>未找到类型“Object”的默认成员。<BR>   在 Microsoft.VisualBasic.CompilerServices.Symbols.Container.GetMembers(String& MemberName, Boolean ReportErrors)
   在 Microsoft.VisualBasic.CompilerServices.NewLateBinding.CallMethod(Container BaseReference, String MethodName, Object[] Arguments, String[] ArgumentNames, Type[] TypeArguments, Boolean[] CopyBack, BindingFlags InvocationFlags, Boolean ReportErrors, ResolutionFailure& Failure)
   在 Microsoft.VisualBasic.CompilerServices.NewLateBinding.InternalLateIndexGet(Object Instance, Object[] Arguments, String[] ArgumentNames, Boolean ReportErrors, ResolutionFailure& Failure, Boolean[] CopyBack)
   在 Microsoft.VisualBasic.CompilerServices.NewLateBinding.ObjectLateInvokeDefault(Object Instance, Object[] Arguments, String[] ArgumentNames, Boolean ReportErrors, Boolean[] CopyBack)
   在 Microsoft.VisualBasic.CompilerServices.NewLateBinding.LateIndexGet(Object Instance, Object[] Arguments, String[] ArgumentNames)
   在 GameServer.LogicModule.UpdateOverAllNum(Int32 _Zone, Int32 _Number) 位置 D:\游戏服务器框架\水果盘(服务器)框架更新版本61206\2.待开发代码区\LogicModule.vb:行号 2595

Time :2016-12-10 14:09:50
Title:GameLogicModule->UpdateOverAllNum方法-> 更新数据库中的f_Winning时发生错误<BR>未找到类型“Object”的默认成员。<BR>   在 Microsoft.VisualBasic.CompilerServices.Symbols.Container.GetMembers(String& MemberName, Boolean ReportErrors)
   在 Microsoft.VisualBasic.CompilerServices.NewLateBinding.CallMethod(Container BaseReference, String MethodName, Object[] Arguments, String[] ArgumentNames, Type[] TypeArguments, Boolean[] CopyBack, BindingFlags InvocationFlags, Boolean ReportErrors, ResolutionFailure& Failure)
   在 Microsoft.VisualBasic.CompilerServices.NewLateBinding.InternalLateIndexGet(Object Instance, Object[] Arguments, String[] ArgumentNames, Boolean ReportErrors, ResolutionFailure& Failure, Boolean[] CopyBack)
   在 Microsoft.VisualBasic.CompilerServices.NewLateBinding.ObjectLateInvokeDefault(Object Instance, Object[] Arguments, String[] ArgumentNames, Boolean ReportErrors, Boolean[] CopyBack)
   在 Microsoft.VisualBasic.CompilerServices.NewLateBinding.LateIndexGet(Object Instance, Object[] Arguments, String[] ArgumentNames)
   在 GameServer.LogicModule.UpdateOverAllNum(Int32 _Zone, Int32 _Number) 位置 D:\游戏服务器框架\水果盘(服务器)框架更新版本61210\2.待开发代码区\LogicModule.vb:行号 2595

Time :2016-12-10 14:13:51
Title:GameLogicModule->UpdateOverAllNum方法-> 更新数据库中的f_Winning时发生错误<BR>未找到类型“Object”的默认成员。<BR>   在 Microsoft.VisualBasic.CompilerServices.Symbols.Container.GetMembers(String& MemberName, Boolean ReportErrors)
   在 Microsoft.VisualBasic.CompilerServices.NewLateBinding.CallMethod(Container BaseReference, String MethodName, Object[] Arguments, String[] ArgumentNames, Type[] TypeArguments, Boolean[] CopyBack, BindingFlags InvocationFlags, Boolean ReportErrors, ResolutionFailure& Failure)
   在 Microsoft.VisualBasic.CompilerServices.NewLateBinding.InternalLateIndexGet(Object Instance, Object[] Arguments, String[] ArgumentNames, Boolean ReportErrors, ResolutionFailure& Failure, Boolean[] CopyBack)
   在 Microsoft.VisualBasic.CompilerServices.NewLateBinding.ObjectLateInvokeDefault(Object Instance, Object[] Arguments, String[] ArgumentNames, Boolean ReportErrors, Boolean[] CopyBack)
   在 Microsoft.VisualBasic.CompilerServices.NewLateBinding.LateIndexGet(Object Instance, Object[] Arguments, String[] ArgumentNames)
   在 GameServer.LogicModule.UpdateOverAllNum(Int32 _Zone, Int32 _Number) 位置 D:\游戏服务器框架\水果盘(服务器)框架更新版本61210\2.待开发代码区\LogicModule.vb:行号 2595